#
# There is insufficient memory for the Java Runtime Environment to continue.
# Native memory allocation (malloc) failed to allocate 1048576 bytes for AllocateHeap
# Possible reasons:
#   The system is out of physical RAM or swap space
#   The process is running with CompressedOops enabled, and the Java Heap may be blocking the growth of the native heap
# Possible solutions:
#   Reduce memory load on the system
#   Increase physical memory or swap space
#   Check if swap backing store is full
#   Decrease Java heap size (-Xmx/-Xms)
#   Decrease number of Java threads
#   Decrease Java thread stack sizes (-Xss)
#   Set larger code cache with -XX:ReservedCodeCacheSize=
#   JVM is running with Zero Based Compressed Oops mode in which the Java heap is
#     placed in the first 32GB address space. The Java Heap base address is the
#     maximum limit for the native heap growth. Please use -XX:HeapBaseMinAddress
#     to set the Java Heap base and to place the Java Heap above 32GB virtual address.
# This output file may be truncated or incomplete.
#
#  Out of Memory Error (./open/src/hotspot/share/memory/allocation.cpp:46), pid=3068, tid=8408
#
# JRE version: Java(TM) SE Runtime Environment 18.9 (11.0.11+9) (build 11.0.11+9-LTS-194)
# Java VM: Java HotSpot(TM) 64-Bit Server VM 18.9 (11.0.11+9-LTS-194, mixed mode, tiered, compressed oops, g1 gc, windows-amd64)
# No core dump will be written. Minidumps are not enabled by default on client versions of Windows
#

---------------  S U M M A R Y ------------

Command Line: -XX:TieredStopAtLevel=1 -Xverify:none -Dspring.output.ansi.enabled=always -javaagent:E:\intellijidea\IntelliJ IDEA 2020.3.1\lib\idea_rt.jar=65255:E:\intellijidea\IntelliJ IDEA 2020.3.1\bin -Dcom.sun.management.jmxremote -Dspring.jmx.enabled=true -Dspring.liveBeansView.mbeanDomain -Dspring.application.admin.enabled=true -Dfile.encoding=UTF-8 com.ertug.web.demo.DemoApplication

Host: Intel(R) Core(TM) i7-7700HQ CPU @ 2.80GHz, 8 cores, 15G,  Windows 10 , 64 bit Build 19041 (10.0.19041.1348)
Time: Mon Dec 13 22:46:00 2021 Turkey Standard Time elapsed time: 2.538017 seconds (0d 0h 0m 2s)

---------------  T H R E A D  ---------------

Current thread (0x00000281af842800):  VMThread "VM Thread" [stack: 0x0000008ef0a00000,0x0000008ef0b00000] [id=8408]

Stack: [0x0000008ef0a00000,0x0000008ef0b00000]
[error occurred during error reporting (printing stack bounds), id 0xc0000005, EXCEPTION_ACCESS_VIOLATION (0xc0000005) at pc=0x0000028194260f2d]

Native frames: (J=compiled Java code, j=interpreted, Vv=VM code, C=native code)
V  [jvm.dll+0x616f2a]
V  [jvm.dll+0x74de7f]
V  [jvm.dll+0x74f505]
V  [jvm.dll+0x74fae5]
V  [jvm.dll+0x74fa9b]
V  [jvm.dll+0x616763]
V  [jvm.dll+0x616b28]
C  [ntdll.dll+0xa20cf]
C  [ntdll.dll+0x51454]
C  [ntdll.dll+0xa0bfe]
C  0x0000028194260f2d

VM_Operation (0x0000008ef04f76b0): CollectForMetadataAllocation, mode: safepoint, requested by thread 0x000002818bdb2800


---------------  P R O C E S S  ---------------

Threads class SMR info:
_java_thread_list=0x00000281b0d44760, length=16, elements={
0x000002818bdb2800, 0x00000281af847000, 0x00000281b00fa800, 0x00000281b0152800,
0x00000281b0155800, 0x00000281b0157000, 0x00000281af86c000, 0x00000281b00f0800,
0x00000281b0595000, 0x00000281b0596000, 0x00000281b07ae000, 0x00000281b0d14000,
0x00000281b1a80000, 0x00000281b1f9a000, 0x00000281b201d800, 0x00000281b201e800
}

Java Threads: ( => current thread )
  0x000002818bdb2800 JavaThread "main" [_thread_blocked, id=12744, stack(0x0000008ef0400000,0x0000008ef0500000)]
  0x00000281af847000 JavaThread "Reference Handler" daemon [_thread_blocked, id=10024, stack(0x0000008ef0b00000,0x0000008ef0c00000)]
  0x00000281b00fa800 JavaThread "Finalizer" daemon [_thread_blocked, id=18056, stack(0x0000008ef0c00000,0x0000008ef0d00000)]
  0x00000281b0152800 JavaThread "Signal Dispatcher" daemon [_thread_blocked, id=10920, stack(0x0000008ef0d00000,0x0000008ef0e00000)]
  0x00000281b0155800 JavaThread "Attach Listener" daemon [_thread_blocked, id=18096, stack(0x0000008ef0e00000,0x0000008ef0f00000)]
  0x00000281b0157000 JavaThread "C1 CompilerThread0" daemon [_thread_blocked, id=16528, stack(0x0000008ef0f00000,0x0000008ef1000000)]
  0x00000281af86c000 JavaThread "Sweeper thread" daemon [_thread_blocked, id=1156, stack(0x0000008ef1000000,0x0000008ef1100000)]
  0x00000281b00f0800 JavaThread "Common-Cleaner" daemon [_thread_blocked, id=19472, stack(0x0000008ef1100000,0x0000008ef1200000)]
  0x00000281b0595000 JavaThread "Monitor Ctrl-Break" daemon [_thread_in_native, id=5660, stack(0x0000008ef1200000,0x0000008ef1300000)]
  0x00000281b0596000 JavaThread "Service Thread" daemon [_thread_blocked, id=16692, stack(0x0000008ef1300000,0x0000008ef1400000)]
  0x00000281b07ae000 JavaThread "RMI TCP Accept-0" daemon [_thread_in_native, id=2340, stack(0x0000008ef1400000,0x0000008ef1500000)]
  0x00000281b0d14000 JavaThread "RMI TCP Connection(1)-172.18.48.1" daemon [_thread_in_native, id=1824, stack(0x0000008ef1d00000,0x0000008ef1e00000)]
  0x00000281b1a80000 JavaThread "RMI Scheduler(0)" daemon [_thread_blocked, id=17112, stack(0x0000008ef1e00000,0x0000008ef1f00000)]
  0x00000281b1f9a000 JavaThread "Catalina-utility-1" [_thread_blocked, id=12776, stack(0x0000008ef2000000,0x0000008ef2100000)]
  0x00000281b201d800 JavaThread "Catalina-utility-2" [_thread_blocked, id=11460, stack(0x0000008ef2100000,0x0000008ef2200000)]
  0x00000281b201e800 JavaThread "container-0" [_thread_blocked, id=976, stack(0x0000008ef2200000,0x0000008ef2300000)]

Other Threads:
=>0x00000281af842800 VMThread "VM Thread" [stack: 0x0000008ef0a00000,0x0000008ef0b00000] [id=8408]
  0x00000281b078e000 WatcherThread [stack: 0x0000008ef1500000,0x0000008ef1600000] [id=20204]
  0x000002818bdc8000 GCTaskThread "GC Thread#0" [stack: 0x0000008ef0500000,0x0000008ef0600000] [id=18272]
  0x00000281b0c89000 GCTaskThread "GC Thread#1" [stack: 0x0000008ef1600000,0x0000008ef1700000] [id=18544]
  0x00000281b0c8a000 GCTaskThread "GC Thread#2" [stack: 0x0000008ef1700000,0x0000008ef1800000] [id=12504]
  0x00000281b0c8a800 GCTaskThread "GC Thread#3" [stack: 0x0000008ef1800000,0x0000008ef1900000] [id=19684]
  0x00000281b0c8b000 GCTaskThread "GC Thread#4" [stack: 0x0000008ef1900000,0x0000008ef1a00000] [id=3272]
  0x00000281b0c8c000 GCTaskThread "GC Thread#5" [stack: 0x0000008ef1a00000,0x0000008ef1b00000] [id=16024]
  0x00000281b1c3a800 GCTaskThread "GC Thread#6" [stack: 0x0000008ef2300000,0x0000008ef2400000] [id=10416]
  0x00000281b202b000 GCTaskThread "GC Thread#7" [stack: 0x0000008ef2400000,0x0000008ef2500000] [id=15152]
  0x000002818be27000 ConcurrentGCThread "G1 Main Marker" [stack: 0x0000008ef0600000,0x0000008ef0700000] [id=5276]
  0x000002818be28800 ConcurrentGCThread "G1 Conc#0" [stack: 0x0000008ef0700000,0x0000008ef0800000] [id=8484]
  0x00000281b1b41000 ConcurrentGCThread "G1 Conc#1" [stack: 0x0000008ef1f00000,0x0000008ef2000000] [id=6240]
  0x00000281af72f800 ConcurrentGCThread "G1 Refine#0" [stack: 0x0000008ef0800000,0x0000008ef0900000] [id=18540]
  0x00000281b0c9b000 ConcurrentGCThread "G1 Refine#1" [stack: 0x0000008ef1b00000,0x0000008ef1c00000] [id=15436]
  0x00000281b06fe800 ConcurrentGCThread "G1 Refine#2" [stack: 0x0000008ef1c00000,0x0000008ef1d00000] [id=13736]
  0x00000281af730000 ConcurrentGCThread "G1 Young RemSet Sampling" [stack: 0x0000008ef0900000,0x0000008ef0a00000] [id=19524]

Threads with active compile tasks:

VM state:at safepoint (normal execution)

VM Mutex/Monitor currently owned by a thread:  ([mutex/lock_event])
[0x000002818bdb0700] Threads_lock - owner thread: 0x00000281af842800
[0x000002818bdb1b40] Heap_lock - owner thread: 0x000002818bdb2800

Heap address: 0x0000000701e00000, size: 4066 MB, Compressed Oops mode: Zero based, Oop shift amount: 3
Narrow klass base: 0x0000000800000000, Narrow klass shift: 0
Compressed class space size: 1073741824 Address: 0x0000000800000000

Heap:
 garbage-first heap   total 262144K, used 12423K [0x0000000701e00000, 0x0000000800000000)
  region size 1024K, 7 young (7168K), 7 survivors (7168K)
 Metaspace       used 33327K, capacity 34484K, committed 34560K, reserved 1097728K
  class space    used 4116K, capacity 4588K, committed 4608K, reserved 1048576K
Heap Regions: E=young(eden), S=young(survivor), O=old, HS=humongous(starts), HC=humongous(continues), CS=collection set, F=free, A=archive, TAMS=top-at-mark-start (previous, next)
|   0|0x0000000701e00000, 0x0000000701f00000, 0x0000000701f00000|100%| O|  |TAMS 0x0000000701f00000, 0x0000000701f00000| Untracked 
|   1|0x0000000701f00000, 0x0000000702000000, 0x0000000702000000|100%| O|  |TAMS 0x0000000702000000, 0x0000000702000000| Untracked 
|   2|0x0000000702000000, 0x0000000702100000, 0x0000000702100000|100%| O|  |TAMS 0x0000000702100000, 0x0000000702100000| Untracked 
|   3|0x0000000702100000, 0x0000000702200000, 0x0000000702200000|100%| O|  |TAMS 0x0000000702200000, 0x0000000702200000| Untracked 
|   4|0x0000000702200000, 0x0000000702300000, 0x0000000702300000|100%| O|  |TAMS 0x0000000702300000, 0x0000000702300000| Untracked 
|   5|0x0000000702300000, 0x0000000702371c00, 0x0000000702400000| 44%| O|  |TAMS 0x0000000702371c00, 0x0000000702371c00| Untracked 
|   6|0x0000000702400000, 0x0000000702400000, 0x0000000702500000|  0%| F|  |TAMS 0x0000000702400000, 0x0000000702400000| Untracked 
|   7|0x0000000702500000, 0x0000000702500000, 0x0000000702600000|  0%| F|  |TAMS 0x0000000702500000, 0x0000000702500000| Untracked 
|   8|0x0000000702600000, 0x0000000702600000, 0x0000000702700000|  0%| F|  |TAMS 0x0000000702600000, 0x0000000702600000| Untracked 
|   9|0x0000000702700000, 0x0000000702700000, 0x0000000702800000|  0%| F|  |TAMS 0x0000000702700000, 0x0000000702700000| Untracked 
|  10|0x0000000702800000, 0x0000000702800000, 0x0000000702900000|  0%| F|  |TAMS 0x0000000702800000, 0x0000000702800000| Untracked 
|  11|0x0000000702900000, 0x0000000702900000, 0x0000000702a00000|  0%| F|  |TAMS 0x0000000702900000, 0x0000000702900000| Untracked 
|  12|0x0000000702a00000, 0x0000000702a00000, 0x0000000702b00000|  0%| F|  |TAMS 0x0000000702a00000, 0x0000000702a00000| Untracked 
|  13|0x0000000702b00000, 0x0000000702b00000, 0x0000000702c00000|  0%| F|  |TAMS 0x0000000702b00000, 0x0000000702b00000| Untracked 
|  14|0x0000000702c00000, 0x0000000702c00000, 0x0000000702d00000|  0%| F|  |TAMS 0x0000000702c00000, 0x0000000702c00000| Untracked 
|  15|0x0000000702d00000, 0x0000000702d00000, 0x0000000702e00000|  0%| F|  |TAMS 0x0000000702d00000, 0x0000000702d00000| Untracked 
|  16|0x0000000702e00000, 0x0000000702e00000, 0x0000000702f00000|  0%| F|  |TAMS 0x0000000702e00000, 0x0000000702e00000| Untracked 
|  17|0x0000000702f00000, 0x0000000702f00000, 0x0000000703000000|  0%| F|  |TAMS 0x0000000702f00000, 0x0000000702f00000| Untracked 
|  18|0x0000000703000000, 0x0000000703000000, 0x0000000703100000|  0%| F|  |TAMS 0x0000000703000000, 0x0000000703000000| Untracked 
|  19|0x0000000703100000, 0x0000000703100000, 0x0000000703200000|  0%| F|  |TAMS 0x0000000703100000, 0x0000000703100000| Untracked 
|  20|0x0000000703200000, 0x0000000703200000, 0x0000000703300000|  0%| F|  |TAMS 0x0000000703200000, 0x0000000703200000| Untracked 
|  21|0x0000000703300000, 0x0000000703300000, 0x0000000703400000|  0%| F|  |TAMS 0x0000000703300000, 0x0000000703300000| Untracked 
|  22|0x0000000703400000, 0x0000000703400000, 0x0000000703500000|  0%| F|  |TAMS 0x0000000703400000, 0x0000000703400000| Untracked 
|  23|0x0000000703500000, 0x0000000703500000, 0x0000000703600000|  0%| F|  |TAMS 0x0000000703500000, 0x0000000703500000| Untracked 
|  24|0x0000000703600000, 0x0000000703600000, 0x0000000703700000|  0%| F|  |TAMS 0x0000000703600000, 0x0000000703600000| Untracked 
|  25|0x0000000703700000, 0x0000000703700000, 0x0000000703800000|  0%| F|  |TAMS 0x0000000703700000, 0x0000000703700000| Untracked 
|  26|0x0000000703800000, 0x0000000703800000, 0x0000000703900000|  0%| F|  |TAMS 0x0000000703800000, 0x0000000703800000| Untracked 
|  27|0x0000000703900000, 0x0000000703900000, 0x0000000703a00000|  0%| F|  |TAMS 0x0000000703900000, 0x0000000703900000| Untracked 
|  28|0x0000000703a00000, 0x0000000703a00000, 0x0000000703b00000|  0%| F|  |TAMS 0x0000000703a00000, 0x0000000703a00000| Untracked 
|  29|0x0000000703b00000, 0x0000000703b00000, 0x0000000703c00000|  0%| F|  |TAMS 0x0000000703b00000, 0x0000000703b00000| Untracked 
|  30|0x0000000703c00000, 0x0000000703c00000, 0x0000000703d00000|  0%| F|  |TAMS 0x0000000703c00000, 0x0000000703c00000| Untracked 
|  31|0x0000000703d00000, 0x0000000703d00000, 0x0000000703e00000|  0%| F|  |TAMS 0x0000000703d00000, 0x0000000703d00000| Untracked 
|  32|0x0000000703e00000, 0x0000000703e00000, 0x0000000703f00000|  0%| F|  |TAMS 0x0000000703e00000, 0x0000000703e00000| Untracked 
|  33|0x0000000703f00000, 0x0000000703f00000, 0x0000000704000000|  0%| F|  |TAMS 0x0000000703f00000, 0x0000000703f00000| Untracked 
|  34|0x0000000704000000, 0x0000000704000000, 0x0000000704100000|  0%| F|  |TAMS 0x0000000704000000, 0x0000000704000000| Untracked 
|  35|0x0000000704100000, 0x0000000704100000, 0x0000000704200000|  0%| F|  |TAMS 0x0000000704100000, 0x0000000704100000| Untracked 
|  36|0x0000000704200000, 0x0000000704200000, 0x0000000704300000|  0%| F|  |TAMS 0x0000000704200000, 0x0000000704200000| Untracked 
|  37|0x0000000704300000, 0x0000000704300000, 0x0000000704400000|  0%| F|  |TAMS 0x0000000704300000, 0x0000000704300000| Untracked 
|  38|0x0000000704400000, 0x0000000704400000, 0x0000000704500000|  0%| F|  |TAMS 0x0000000704400000, 0x0000000704400000| Untracked 
|  39|0x0000000704500000, 0x0000000704500000, 0x0000000704600000|  0%| F|  |TAMS 0x0000000704500000, 0x0000000704500000| Untracked 
|  40|0x0000000704600000, 0x0000000704600000, 0x0000000704700000|  0%| F|  |TAMS 0x0000000704600000, 0x0000000704600000| Untracked 
|  41|0x0000000704700000, 0x0000000704700000, 0x0000000704800000|  0%| F|  |TAMS 0x0000000704700000, 0x0000000704700000| Untracked 
|  42|0x0000000704800000, 0x0000000704800000, 0x0000000704900000|  0%| F|  |TAMS 0x0000000704800000, 0x0000000704800000| Untracked 
|  43|0x0000000704900000, 0x0000000704900000, 0x0000000704a00000|  0%| F|  |TAMS 0x0000000704900000, 0x0000000704900000| Untracked 
|  44|0x0000000704a00000, 0x0000000704a00000, 0x0000000704b00000|  0%| F|  |TAMS 0x0000000704a00000, 0x0000000704a00000| Untracked 
|  45|0x0000000704b00000, 0x0000000704b00000, 0x0000000704c00000|  0%| F|  |TAMS 0x0000000704b00000, 0x0000000704b00000| Untracked 
|  46|0x0000000704c00000, 0x0000000704c00000, 0x0000000704d00000|  0%| F|  |TAMS 0x0000000704c00000, 0x0000000704c00000| Untracked 
|  47|0x0000000704d00000, 0x0000000704d00000, 0x0000000704e00000|  0%| F|  |TAMS 0x0000000704d00000, 0x0000000704d00000| Untracked 
|  48|0x0000000704e00000, 0x0000000704e00000, 0x0000000704f00000|  0%| F|  |TAMS 0x0000000704e00000, 0x0000000704e00000| Untracked 
|  49|0x0000000704f00000, 0x0000000704f00000, 0x0000000705000000|  0%| F|  |TAMS 0x0000000704f00000, 0x0000000704f00000| Untracked 
|  50|0x0000000705000000, 0x0000000705000000, 0x0000000705100000|  0%| F|  |TAMS 0x0000000705000000, 0x0000000705000000| Untracked 
|  51|0x0000000705100000, 0x0000000705100000, 0x0000000705200000|  0%| F|  |TAMS 0x0000000705100000, 0x0000000705100000| Untracked 
|  52|0x0000000705200000, 0x0000000705200000, 0x0000000705300000|  0%| F|  |TAMS 0x0000000705200000, 0x0000000705200000| Untracked 
|  53|0x0000000705300000, 0x0000000705300000, 0x0000000705400000|  0%| F|  |TAMS 0x0000000705300000, 0x0000000705300000| Untracked 
|  54|0x0000000705400000, 0x0000000705400000, 0x0000000705500000|  0%| F|  |TAMS 0x0000000705400000, 0x0000000705400000| Untracked 
|  55|0x0000000705500000, 0x0000000705500000, 0x0000000705600000|  0%| F|  |TAMS 0x0000000705500000, 0x0000000705500000| Untracked 
|  56|0x0000000705600000, 0x0000000705600000, 0x0000000705700000|  0%| F|  |TAMS 0x0000000705600000, 0x0000000705600000| Untracked 
|  57|0x0000000705700000, 0x0000000705700000, 0x0000000705800000|  0%| F|  |TAMS 0x0000000705700000, 0x0000000705700000| Untracked 
|  58|0x0000000705800000, 0x0000000705800000, 0x0000000705900000|  0%| F|  |TAMS 0x0000000705800000, 0x0000000705800000| Untracked 
|  59|0x0000000705900000, 0x0000000705900000, 0x0000000705a00000|  0%| F|  |TAMS 0x0000000705900000, 0x0000000705900000| Untracked 
|  60|0x0000000705a00000, 0x0000000705a00000, 0x0000000705b00000|  0%| F|  |TAMS 0x0000000705a00000, 0x0000000705a00000| Untracked 
|  61|0x0000000705b00000, 0x0000000705b00000, 0x0000000705c00000|  0%| F|  |TAMS 0x0000000705b00000, 0x0000000705b00000| Untracked 
|  62|0x0000000705c00000, 0x0000000705c00000, 0x0000000705d00000|  0%| F|  |TAMS 0x0000000705c00000, 0x0000000705c00000| Untracked 
|  63|0x0000000705d00000, 0x0000000705d00000, 0x0000000705e00000|  0%| F|  |TAMS 0x0000000705d00000, 0x0000000705d00000| Untracked 
|  64|0x0000000705e00000, 0x0000000705e00000, 0x0000000705f00000|  0%| F|  |TAMS 0x0000000705e00000, 0x0000000705e00000| Untracked 
|  65|0x0000000705f00000, 0x0000000705f00000, 0x0000000706000000|  0%| F|  |TAMS 0x0000000705f00000, 0x0000000705f00000| Untracked 
|  66|0x0000000706000000, 0x0000000706000000, 0x0000000706100000|  0%| F|  |TAMS 0x0000000706000000, 0x0000000706000000| Untracked 
|  67|0x0000000706100000, 0x0000000706100000, 0x0000000706200000|  0%| F|  |TAMS 0x0000000706100000, 0x0000000706100000| Untracked 
|  68|0x0000000706200000, 0x0000000706200000, 0x0000000706300000|  0%| F|  |TAMS 0x0000000706200000, 0x0000000706200000| Untracked 
|  69|0x0000000706300000, 0x0000000706300000, 0x0000000706400000|  0%| F|  |TAMS 0x0000000706300000, 0x0000000706300000| Untracked 
|  70|0x0000000706400000, 0x0000000706400000, 0x0000000706500000|  0%| F|  |TAMS 0x0000000706400000, 0x0000000706400000| Untracked 
|  71|0x0000000706500000, 0x0000000706500000, 0x0000000706600000|  0%| F|  |TAMS 0x0000000706500000, 0x0000000706500000| Untracked 
|  72|0x0000000706600000, 0x0000000706600000, 0x0000000706700000|  0%| F|  |TAMS 0x0000000706600000, 0x0000000706600000| Untracked 
|  73|0x0000000706700000, 0x0000000706700000, 0x0000000706800000|  0%| F|  |TAMS 0x0000000706700000, 0x0000000706700000| Untracked 
|  74|0x0000000706800000, 0x0000000706800000, 0x0000000706900000|  0%| F|  |TAMS 0x0000000706800000, 0x0000000706800000| Untracked 
|  75|0x0000000706900000, 0x0000000706900000, 0x0000000706a00000|  0%| F|  |TAMS 0x0000000706900000, 0x0000000706900000| Untracked 
|  76|0x0000000706a00000, 0x0000000706a00000, 0x0000000706b00000|  0%| F|  |TAMS 0x0000000706a00000, 0x0000000706a00000| Untracked 
|  77|0x0000000706b00000, 0x0000000706b00000, 0x0000000706c00000|  0%| F|  |TAMS 0x0000000706b00000, 0x0000000706b00000| Untracked 
|  78|0x0000000706c00000, 0x0000000706c00000, 0x0000000706d00000|  0%| F|  |TAMS 0x0000000706c00000, 0x0000000706c00000| Untracked 
|  79|0x0000000706d00000, 0x0000000706d00000, 0x0000000706e00000|  0%| F|  |TAMS 0x0000000706d00000, 0x0000000706d00000| Untracked 
|  80|0x0000000706e00000, 0x0000000706e00000, 0x0000000706f00000|  0%| F|  |TAMS 0x0000000706e00000, 0x0000000706e00000| Untracked 
|  81|0x0000000706f00000, 0x0000000706f00000, 0x0000000707000000|  0%| F|  |TAMS 0x0000000706f00000, 0x0000000706f00000| Untracked 
|  82|0x0000000707000000, 0x0000000707000000, 0x0000000707100000|  0%| F|  |TAMS 0x0000000707000000, 0x0000000707000000| Untracked 
|  83|0x0000000707100000, 0x0000000707100000, 0x0000000707200000|  0%| F|  |TAMS 0x0000000707100000, 0x0000000707100000| Untracked 
|  84|0x0000000707200000, 0x0000000707200000, 0x0000000707300000|  0%| F|  |TAMS 0x0000000707200000, 0x0000000707200000| Untracked 
|  85|0x0000000707300000, 0x0000000707300000, 0x0000000707400000|  0%| F|  |TAMS 0x0000000707300000, 0x0000000707300000| Untracked 
|  86|0x0000000707400000, 0x0000000707400000, 0x0000000707500000|  0%| F|  |TAMS 0x0000000707400000, 0x0000000707400000| Untracked 
|  87|0x0000000707500000, 0x0000000707500000, 0x0000000707600000|  0%| F|  |TAMS 0x0000000707500000, 0x0000000707500000| Untracked 
|  88|0x0000000707600000, 0x0000000707600000, 0x0000000707700000|  0%| F|  |TAMS 0x0000000707600000, 0x0000000707600000| Untracked 
|  89|0x0000000707700000, 0x0000000707700000, 0x0000000707800000|  0%| F|  |TAMS 0x0000000707700000, 0x0000000707700000| Untracked 
|  90|0x0000000707800000, 0x0000000707800000, 0x0000000707900000|  0%| F|  |TAMS 0x0000000707800000, 0x0000000707800000| Untracked 
|  91|0x0000000707900000, 0x0000000707900000, 0x0000000707a00000|  0%| F|  |TAMS 0x0000000707900000, 0x0000000707900000| Untracked 
|  92|0x0000000707a00000, 0x0000000707a00000, 0x0000000707b00000|  0%| F|  |TAMS 0x0000000707a00000, 0x0000000707a00000| Untracked 
|  93|0x0000000707b00000, 0x0000000707b00000, 0x0000000707c00000|  0%| F|  |TAMS 0x0000000707b00000, 0x0000000707b00000| Untracked 
|  94|0x0000000707c00000, 0x0000000707c00000, 0x0000000707d00000|  0%| F|  |TAMS 0x0000000707c00000, 0x0000000707c00000| Untracked 
|  95|0x0000000707d00000, 0x0000000707d00000, 0x0000000707e00000|  0%| F|  |TAMS 0x0000000707d00000, 0x0000000707d00000| Untracked 
|  96|0x0000000707e00000, 0x0000000707e00000, 0x0000000707f00000|  0%| F|  |TAMS 0x0000000707e00000, 0x0000000707e00000| Untracked 
|  97|0x0000000707f00000, 0x0000000707f00000, 0x0000000708000000|  0%| F|  |TAMS 0x0000000707f00000, 0x0000000707f00000| Untracked 
|  98|0x0000000708000000, 0x0000000708000000, 0x0000000708100000|  0%| F|  |TAMS 0x0000000708000000, 0x0000000708000000| Untracked 
|  99|0x0000000708100000, 0x0000000708100000, 0x0000000708200000|  0%| F|  |TAMS 0x0000000708100000, 0x0000000708100000| Untracked 
| 100|0x0000000708200000, 0x0000000708200000, 0x0000000708300000|  0%| F|  |TAMS 0x0000000708200000, 0x0000000708200000| Untracked 
| 101|0x0000000708300000, 0x0000000708300000, 0x0000000708400000|  0%| F|  |TAMS 0x0000000708300000, 0x0000000708300000| Untracked 
| 102|0x0000000708400000, 0x0000000708400000, 0x0000000708500000|  0%| F|  |TAMS 0x0000000708400000, 0x0000000708400000| Untracked 
| 103|0x0000000708500000, 0x0000000708500000, 0x0000000708600000|  0%| F|  |TAMS 0x0000000708500000, 0x0000000708500000| Untracked 
| 104|0x0000000708600000, 0x0000000708600000, 0x0000000708700000|  0%| F|  |TAMS 0x0000000708600000, 0x0000000708600000| Untracked 
| 105|0x0000000708700000, 0x0000000708700000, 0x0000000708800000|  0%| F|  |TAMS 0x0000000708700000, 0x0000000708700000| Untracked 
| 106|0x0000000708800000, 0x0000000708800000, 0x0000000708900000|  0%| F|  |TAMS 0x0000000708800000, 0x0000000708800000| Untracked 
| 107|0x0000000708900000, 0x0000000708900000, 0x0000000708a00000|  0%| F|  |TAMS 0x0000000708900000, 0x0000000708900000| Untracked 
| 108|0x0000000708a00000, 0x0000000708a00000, 0x0000000708b00000|  0%| F|  |TAMS 0x0000000708a00000, 0x0000000708a00000| Untracked 
| 109|0x0000000708b00000, 0x0000000708b00000, 0x0000000708c00000|  0%| F|  |TAMS 0x0000000708b00000, 0x0000000708b00000| Untracked 
| 110|0x0000000708c00000, 0x0000000708c00000, 0x0000000708d00000|  0%| F|  |TAMS 0x0000000708c00000, 0x0000000708c00000| Untracked 
| 111|0x0000000708d00000, 0x0000000708d00000, 0x0000000708e00000|  0%| F|  |TAMS 0x0000000708d00000, 0x0000000708d00000| Untracked 
| 112|0x0000000708e00000, 0x0000000708e00000, 0x0000000708f00000|  0%| F|  |TAMS 0x0000000708e00000, 0x0000000708e00000| Untracked 
| 113|0x0000000708f00000, 0x0000000708f00000, 0x0000000709000000|  0%| F|  |TAMS 0x0000000708f00000, 0x0000000708f00000| Untracked 
| 114|0x0000000709000000, 0x0000000709000000, 0x0000000709100000|  0%| F|  |TAMS 0x0000000709000000, 0x0000000709000000| Untracked 
| 115|0x0000000709100000, 0x0000000709100000, 0x0000000709200000|  0%| F|  |TAMS 0x0000000709100000, 0x0000000709100000| Untracked 
| 116|0x0000000709200000, 0x0000000709200000, 0x0000000709300000|  0%| F|  |TAMS 0x0000000709200000, 0x0000000709200000| Untracked 
| 117|0x0000000709300000, 0x0000000709300000, 0x0000000709400000|  0%| F|  |TAMS 0x0000000709300000, 0x0000000709300000| Untracked 
| 118|0x0000000709400000, 0x0000000709400000, 0x0000000709500000|  0%| F|  |TAMS 0x0000000709400000, 0x0000000709400000| Untracked 
| 119|0x0000000709500000, 0x0000000709500000, 0x0000000709600000|  0%| F|  |TAMS 0x0000000709500000, 0x0000000709500000| Untracked 
| 120|0x0000000709600000, 0x0000000709600000, 0x0000000709700000|  0%| F|  |TAMS 0x0000000709600000, 0x0000000709600000| Untracked 
| 121|0x0000000709700000, 0x0000000709700000, 0x0000000709800000|  0%| F|  |TAMS 0x0000000709700000, 0x0000000709700000| Untracked 
| 122|0x0000000709800000, 0x0000000709800000, 0x0000000709900000|  0%| F|  |TAMS 0x0000000709800000, 0x0000000709800000| Untracked 
| 123|0x0000000709900000, 0x0000000709900000, 0x0000000709a00000|  0%| F|  |TAMS 0x0000000709900000, 0x0000000709900000| Untracked 
| 124|0x0000000709a00000, 0x0000000709a00000, 0x0000000709b00000|  0%| F|  |TAMS 0x0000000709a00000, 0x0000000709a00000| Untracked 
| 125|0x0000000709b00000, 0x0000000709b00000, 0x0000000709c00000|  0%| F|  |TAMS 0x0000000709b00000, 0x0000000709b00000| Untracked 
| 126|0x0000000709c00000, 0x0000000709c00000, 0x0000000709d00000|  0%| F|  |TAMS 0x0000000709c00000, 0x0000000709c00000| Untracked 
| 127|0x0000000709d00000, 0x0000000709d00000, 0x0000000709e00000|  0%| F|  |TAMS 0x0000000709d00000, 0x0000000709d00000| Untracked 
| 128|0x0000000709e00000, 0x0000000709e00000, 0x0000000709f00000|  0%| F|  |TAMS 0x0000000709e00000, 0x0000000709e00000| Untracked 
| 129|0x0000000709f00000, 0x0000000709f00000, 0x000000070a000000|  0%| F|  |TAMS 0x0000000709f00000, 0x0000000709f00000| Untracked 
| 130|0x000000070a000000, 0x000000070a000000, 0x000000070a100000|  0%| F|  |TAMS 0x000000070a000000, 0x000000070a000000| Untracked 
| 131|0x000000070a100000, 0x000000070a100000, 0x000000070a200000|  0%| F|  |TAMS 0x000000070a100000, 0x000000070a100000| Untracked 
| 132|0x000000070a200000, 0x000000070a200000, 0x000000070a300000|  0%| F|  |TAMS 0x000000070a200000, 0x000000070a200000| Untracked 
| 133|0x000000070a300000, 0x000000070a300000, 0x000000070a400000|  0%| F|  |TAMS 0x000000070a300000, 0x000000070a300000| Untracked 
| 134|0x000000070a400000, 0x000000070a400000, 0x000000070a500000|  0%| F|  |TAMS 0x000000070a400000, 0x000000070a400000| Untracked 
| 135|0x000000070a500000, 0x000000070a500000, 0x000000070a600000|  0%| F|  |TAMS 0x000000070a500000, 0x000000070a500000| Untracked 
| 136|0x000000070a600000, 0x000000070a600000, 0x000000070a700000|  0%| F|  |TAMS 0x000000070a600000, 0x000000070a600000| Untracked 
| 137|0x000000070a700000, 0x000000070a700000, 0x000000070a800000|  0%| F|  |TAMS 0x000000070a700000, 0x000000070a700000| Untracked 
| 138|0x000000070a800000, 0x000000070a800000, 0x000000070a900000|  0%| F|  |TAMS 0x000000070a800000, 0x000000070a800000| Untracked 
| 139|0x000000070a900000, 0x000000070a900000, 0x000000070aa00000|  0%| F|  |TAMS 0x000000070a900000, 0x000000070a900000| Untracked 
| 140|0x000000070aa00000, 0x000000070aa00000, 0x000000070ab00000|  0%| F|  |TAMS 0x000000070aa00000, 0x000000070aa00000| Untracked 
| 141|0x000000070ab00000, 0x000000070ab00000, 0x000000070ac00000|  0%| F|  |TAMS 0x000000070ab00000, 0x000000070ab00000| Untracked 
| 142|0x000000070ac00000, 0x000000070ac00000, 0x000000070ad00000|  0%| F|  |TAMS 0x000000070ac00000, 0x000000070ac00000| Untracked 
| 143|0x000000070ad00000, 0x000000070ad00000, 0x000000070ae00000|  0%| F|  |TAMS 0x000000070ad00000, 0x000000070ad00000| Untracked 
| 144|0x000000070ae00000, 0x000000070ae00000, 0x000000070af00000|  0%| F|  |TAMS 0x000000070ae00000, 0x000000070ae00000| Untracked 
| 145|0x000000070af00000, 0x000000070af00000, 0x000000070b000000|  0%| F|  |TAMS 0x000000070af00000, 0x000000070af00000| Untracked 
| 146|0x000000070b000000, 0x000000070b000000, 0x000000070b100000|  0%| F|  |TAMS 0x000000070b000000, 0x000000070b000000| Untracked 
| 147|0x000000070b100000, 0x000000070b100000, 0x000000070b200000|  0%| F|  |TAMS 0x000000070b100000, 0x000000070b100000| Untracked 
| 148|0x000000070b200000, 0x000000070b200000, 0x000000070b300000|  0%| F|  |TAMS 0x000000070b200000, 0x000000070b200000| Untracked 
| 149|0x000000070b300000, 0x000000070b300000, 0x000000070b400000|  0%| F|  |TAMS 0x000000070b300000, 0x000000070b300000| Untracked 
| 150|0x000000070b400000, 0x000000070b400000, 0x000000070b500000|  0%| F|  |TAMS 0x000000070b400000, 0x000000070b400000| Untracked 
| 151|0x000000070b500000, 0x000000070b500000, 0x000000070b600000|  0%| F|  |TAMS 0x000000070b500000, 0x000000070b500000| Untracked 
| 152|0x000000070b600000, 0x000000070b600000, 0x000000070b700000|  0%| F|  |TAMS 0x000000070b600000, 0x000000070b600000| Untracked 
| 153|0x000000070b700000, 0x000000070b700000, 0x000000070b800000|  0%| F|  |TAMS 0x000000070b700000, 0x000000070b700000| Untracked 
| 154|0x000000070b800000, 0x000000070b800000, 0x000000070b900000|  0%| F|  |TAMS 0x000000070b800000, 0x000000070b800000| Untracked 
| 155|0x000000070b900000, 0x000000070b900000, 0x000000070ba00000|  0%| F|  |TAMS 0x000000070b900000, 0x000000070b900000| Untracked 
| 156|0x000000070ba00000, 0x000000070ba00000, 0x000000070bb00000|  0%| F|  |TAMS 0x000000070ba00000, 0x000000070ba00000| Untracked 
| 157|0x000000070bb00000, 0x000000070bb00000, 0x000000070bc00000|  0%| F|  |TAMS 0x000000070bb00000, 0x000000070bb00000| Untracked 
| 158|0x000000070bc00000, 0x000000070bc00000, 0x000000070bd00000|  0%| F|  |TAMS 0x000000070bc00000, 0x000000070bc00000| Untracked 
| 159|0x000000070bd00000, 0x000000070bd00000, 0x000000070be00000|  0%| F|  |TAMS 0x000000070bd00000, 0x000000070bd00000| Untracked 
| 160|0x000000070be00000, 0x000000070be00000, 0x000000070bf00000|  0%| F|  |TAMS 0x000000070be00000, 0x000000070be00000| Untracked 
| 161|0x000000070bf00000, 0x000000070bf00000, 0x000000070c000000|  0%| F|  |TAMS 0x000000070bf00000, 0x000000070bf00000| Untracked 
| 162|0x000000070c000000, 0x000000070c000000, 0x000000070c100000|  0%| F|  |TAMS 0x000000070c000000, 0x000000070c000000| Untracked 
| 163|0x000000070c100000, 0x000000070c100000, 0x000000070c200000|  0%| F|  |TAMS 0x000000070c100000, 0x000000070c100000| Untracked 
| 164|0x000000070c200000, 0x000000070c200000, 0x000000070c300000|  0%| F|  |TAMS 0x000000070c200000, 0x000000070c200000| Untracked 
| 165|0x000000070c300000, 0x000000070c300000, 0x000000070c400000|  0%| F|  |TAMS 0x000000070c300000, 0x000000070c300000| Untracked 
| 166|0x000000070c400000, 0x000000070c400000, 0x000000070c500000|  0%| F|  |TAMS 0x000000070c400000, 0x000000070c400000| Untracked 
| 167|0x000000070c500000, 0x000000070c500000, 0x000000070c600000|  0%| F|  |TAMS 0x000000070c500000, 0x000000070c500000| Untracked 
| 168|0x000000070c600000, 0x000000070c600000, 0x000000070c700000|  0%| F|  |TAMS 0x000000070c600000, 0x000000070c600000| Untracked 
| 169|0x000000070c700000, 0x000000070c700000, 0x000000070c800000|  0%| F|  |TAMS 0x000000070c700000, 0x000000070c700000| Untracked 
| 170|0x000000070c800000, 0x000000070c800000, 0x000000070c900000|  0%| F|  |TAMS 0x000000070c800000, 0x000000070c800000| Untracked 
| 171|0x000000070c900000, 0x000000070c900000, 0x000000070ca00000|  0%| F|  |TAMS 0x000000070c900000, 0x000000070c900000| Untracked 
| 172|0x000000070ca00000, 0x000000070ca00000, 0x000000070cb00000|  0%| F|  |TAMS 0x000000070ca00000, 0x000000070ca00000| Untracked 
| 173|0x000000070cb00000, 0x000000070cb00000, 0x000000070cc00000|  0%| F|  |TAMS 0x000000070cb00000, 0x000000070cb00000| Untracked 
| 174|0x000000070cc00000, 0x000000070cc00000, 0x000000070cd00000|  0%| F|  |TAMS 0x000000070cc00000, 0x000000070cc00000| Untracked 
| 175|0x000000070cd00000, 0x000000070cd00000, 0x000000070ce00000|  0%| F|  |TAMS 0x000000070cd00000, 0x000000070cd00000| Untracked 
| 176|0x000000070ce00000, 0x000000070ce00000, 0x000000070cf00000|  0%| F|  |TAMS 0x000000070ce00000, 0x000000070ce00000| Untracked 
| 177|0x000000070cf00000, 0x000000070cf00000, 0x000000070d000000|  0%| F|  |TAMS 0x000000070cf00000, 0x000000070cf00000| Untracked 
| 178|0x000000070d000000, 0x000000070d000000, 0x000000070d100000|  0%| F|  |TAMS 0x000000070d000000, 0x000000070d000000| Untracked 
| 179|0x000000070d100000, 0x000000070d100000, 0x000000070d200000|  0%| F|  |TAMS 0x000000070d100000, 0x000000070d100000| Untracked 
| 180|0x000000070d200000, 0x000000070d200000, 0x000000070d300000|  0%| F|  |TAMS 0x000000070d200000, 0x000000070d200000| Untracked 
| 181|0x000000070d300000, 0x000000070d300000, 0x000000070d400000|  0%| F|  |TAMS 0x000000070d300000, 0x000000070d300000| Untracked 
| 182|0x000000070d400000, 0x000000070d400000, 0x000000070d500000|  0%| F|  |TAMS 0x000000070d400000, 0x000000070d400000| Untracked 
| 183|0x000000070d500000, 0x000000070d500000, 0x000000070d600000|  0%| F|  |TAMS 0x000000070d500000, 0x000000070d500000| Untracked 
| 184|0x000000070d600000, 0x000000070d600000, 0x000000070d700000|  0%| F|  |TAMS 0x000000070d600000, 0x000000070d600000| Untracked 
| 185|0x000000070d700000, 0x000000070d700000, 0x000000070d800000|  0%| F|  |TAMS 0x000000070d700000, 0x000000070d700000| Untracked 
| 186|0x000000070d800000, 0x000000070d800000, 0x000000070d900000|  0%| F|  |TAMS 0x000000070d800000, 0x000000070d800000| Untracked 
| 187|0x000000070d900000, 0x000000070d900000, 0x000000070da00000|  0%| F|  |TAMS 0x000000070d900000, 0x000000070d900000| Untracked 
| 188|0x000000070da00000, 0x000000070da00000, 0x000000070db00000|  0%| F|  |TAMS 0x000000070da00000, 0x000000070da00000| Untracked 
| 189|0x000000070db00000, 0x000000070db00000, 0x000000070dc00000|  0%| F|  |TAMS 0x000000070db00000, 0x000000070db00000| Untracked 
| 190|0x000000070dc00000, 0x000000070dc00000, 0x000000070dd00000|  0%| F|  |TAMS 0x000000070dc00000, 0x000000070dc00000| Untracked 
| 191|0x000000070dd00000, 0x000000070dd00000, 0x000000070de00000|  0%| F|  |TAMS 0x000000070dd00000, 0x000000070dd00000| Untracked 
| 192|0x000000070de00000, 0x000000070de00000, 0x000000070df00000|  0%| F|  |TAMS 0x000000070de00000, 0x000000070de00000| Untracked 
| 193|0x000000070df00000, 0x000000070df00000, 0x000000070e000000|  0%| F|  |TAMS 0x000000070df00000, 0x000000070df00000| Untracked 
| 194|0x000000070e000000, 0x000000070e000000, 0x000000070e100000|  0%| F|  |TAMS 0x000000070e000000, 0x000000070e000000| Untracked 
| 195|0x000000070e100000, 0x000000070e100000, 0x000000070e200000|  0%| F|  |TAMS 0x000000070e100000, 0x000000070e100000| Untracked 
| 196|0x000000070e200000, 0x000000070e200000, 0x000000070e300000|  0%| F|  |TAMS 0x000000070e200000, 0x000000070e200000| Untracked 
| 197|0x000000070e300000, 0x000000070e300000, 0x000000070e400000|  0%| F|  |TAMS 0x000000070e300000, 0x000000070e300000| Untracked 
| 198|0x000000070e400000, 0x000000070e400000, 0x000000070e500000|  0%| F|  |TAMS 0x000000070e400000, 0x000000070e400000| Untracked 
| 199|0x000000070e500000, 0x000000070e500000, 0x000000070e600000|  0%| F|  |TAMS 0x000000070e500000, 0x000000070e500000| Untracked 
| 200|0x000000070e600000, 0x000000070e600000, 0x000000070e700000|  0%| F|  |TAMS 0x000000070e600000, 0x000000070e600000| Untracked 
| 201|0x000000070e700000, 0x000000070e700000, 0x000000070e800000|  0%| F|  |TAMS 0x000000070e700000, 0x000000070e700000| Untracked 
| 202|0x000000070e800000, 0x000000070e800000, 0x000000070e900000|  0%| F|  |TAMS 0x000000070e800000, 0x000000070e800000| Untracked 
| 203|0x000000070e900000, 0x000000070e900000, 0x000000070ea00000|  0%| F|  |TAMS 0x000000070e900000, 0x000000070e900000| Untracked 
| 204|0x000000070ea00000, 0x000000070ea00000, 0x000000070eb00000|  0%| F|  |TAMS 0x000000070ea00000, 0x000000070ea00000| Untracked 
| 205|0x000000070eb00000, 0x000000070eb00000, 0x000000070ec00000|  0%| F|  |TAMS 0x000000070eb00000, 0x000000070eb00000| Untracked 
| 206|0x000000070ec00000, 0x000000070ec00000, 0x000000070ed00000|  0%| F|  |TAMS 0x000000070ec00000, 0x000000070ec00000| Untracked 
| 207|0x000000070ed00000, 0x000000070ed00000, 0x000000070ee00000|  0%| F|  |TAMS 0x000000070ed00000, 0x000000070ed00000| Untracked 
| 208|0x000000070ee00000, 0x000000070ee00000, 0x000000070ef00000|  0%| F|  |TAMS 0x000000070ee00000, 0x000000070ee00000| Untracked 
| 209|0x000000070ef00000, 0x000000070ef00000, 0x000000070f000000|  0%| F|  |TAMS 0x000000070ef00000, 0x000000070ef00000| Untracked 
| 210|0x000000070f000000, 0x000000070f000000, 0x000000070f100000|  0%| F|  |TAMS 0x000000070f000000, 0x000000070f000000| Untracked 
| 211|0x000000070f100000, 0x000000070f100000, 0x000000070f200000|  0%| F|  |TAMS 0x000000070f100000, 0x000000070f100000| Untracked 
| 212|0x000000070f200000, 0x000000070f200000, 0x000000070f300000|  0%| F|  |TAMS 0x000000070f200000, 0x000000070f200000| Untracked 
| 213|0x000000070f300000, 0x000000070f300000, 0x000000070f400000|  0%| F|  |TAMS 0x000000070f300000, 0x000000070f300000| Untracked 
| 214|0x000000070f400000, 0x000000070f400000, 0x000000070f500000|  0%| F|  |TAMS 0x000000070f400000, 0x000000070f400000| Untracked 
| 215|0x000000070f500000, 0x000000070f500000, 0x000000070f600000|  0%| F|  |TAMS 0x000000070f500000, 0x000000070f500000| Untracked 
| 216|0x000000070f600000, 0x000000070f600000, 0x000000070f700000|  0%| F|  |TAMS 0x000000070f600000, 0x000000070f600000| Untracked 
| 217|0x000000070f700000, 0x000000070f700000, 0x000000070f800000|  0%| F|  |TAMS 0x000000070f700000, 0x000000070f700000| Untracked 
| 218|0x000000070f800000, 0x000000070f800000, 0x000000070f900000|  0%| F|  |TAMS 0x000000070f800000, 0x000000070f800000| Untracked 
| 219|0x000000070f900000, 0x000000070f900000, 0x000000070fa00000|  0%| F|  |TAMS 0x000000070f900000, 0x000000070f900000| Untracked 
| 220|0x000000070fa00000, 0x000000070fa00000, 0x000000070fb00000|  0%| F|  |TAMS 0x000000070fa00000, 0x000000070fa00000| Untracked 
| 221|0x000000070fb00000, 0x000000070fbb0200, 0x000000070fc00000| 68%| S|CS|TAMS 0x000000070fb00000, 0x000000070fb00000| Complete 
| 222|0x000000070fc00000, 0x000000070fd00000, 0x000000070fd00000|100%| S|CS|TAMS 0x000000070fc00000, 0x000000070fc00000| Complete 
| 223|0x000000070fd00000, 0x000000070fe00000, 0x000000070fe00000|100%| S|CS|TAMS 0x000000070fd00000, 0x000000070fd00000| Complete 
| 224|0x000000070fe00000, 0x000000070ff00000, 0x000000070ff00000|100%| S|CS|TAMS 0x000000070fe00000, 0x000000070fe00000| Complete 
| 225|0x000000070ff00000, 0x0000000710000000, 0x0000000710000000|100%| S|CS|TAMS 0x000000070ff00000, 0x000000070ff00000| Complete 
| 226|0x0000000710000000, 0x0000000710100000, 0x0000000710100000|100%| S|CS|TAMS 0x0000000710000000, 0x0000000710000000| Complete 
| 227|0x0000000710100000, 0x0000000710200000, 0x0000000710200000|100%| S|CS|TAMS 0x0000000710100000, 0x0000000710100000| Complete 
| 228|0x0000000710200000, 0x0000000710200000, 0x0000000710300000|  0%| F|  |TAMS 0x0000000710200000, 0x0000000710200000| Untracked 
| 229|0x0000000710300000, 0x0000000710300000, 0x0000000710400000|  0%| F|  |TAMS 0x0000000710300000, 0x0000000710300000| Untracked 
| 230|0x0000000710400000, 0x0000000710400000, 0x0000000710500000|  0%| F|  |TAMS 0x0000000710400000, 0x0000000710400000| Untracked 
| 231|0x0000000710500000, 0x0000000710500000, 0x0000000710600000|  0%| F|  |TAMS 0x0000000710500000, 0x0000000710500000| Untracked 
| 232|0x0000000710600000, 0x0000000710600000, 0x0000000710700000|  0%| F|  |TAMS 0x0000000710600000, 0x0000000710600000| Untracked 
| 233|0x0000000710700000, 0x0000000710700000, 0x0000000710800000|  0%| F|  |TAMS 0x0000000710700000, 0x0000000710700000| Untracked 
| 234|0x0000000710800000, 0x0000000710800000, 0x0000000710900000|  0%| F|  |TAMS 0x0000000710800000, 0x0000000710800000| Untracked 
| 235|0x0000000710900000, 0x0000000710900000, 0x0000000710a00000|  0%| F|  |TAMS 0x0000000710900000, 0x0000000710900000| Untracked 
| 236|0x0000000710a00000, 0x0000000710a00000, 0x0000000710b00000|  0%| F|  |TAMS 0x0000000710a00000, 0x0000000710a00000| Untracked 
| 237|0x0000000710b00000, 0x0000000710b00000, 0x0000000710c00000|  0%| F|  |TAMS 0x0000000710b00000, 0x0000000710b00000| Untracked 
| 238|0x0000000710c00000, 0x0000000710c00000, 0x0000000710d00000|  0%| F|  |TAMS 0x0000000710c00000, 0x0000000710c00000| Untracked 
| 239|0x0000000710d00000, 0x0000000710d00000, 0x0000000710e00000|  0%| F|  |TAMS 0x0000000710d00000, 0x0000000710d00000| Untracked 
| 240|0x0000000710e00000, 0x0000000710e00000, 0x0000000710f00000|  0%| F|  |TAMS 0x0000000710e00000, 0x0000000710e00000| Untracked 
| 241|0x0000000710f00000, 0x0000000710f00000, 0x0000000711000000|  0%| F|  |TAMS 0x0000000710f00000, 0x0000000710f00000| Untracked 
| 242|0x0000000711000000, 0x0000000711000000, 0x0000000711100000|  0%| F|  |TAMS 0x0000000711000000, 0x0000000711000000| Untracked 
| 243|0x0000000711100000, 0x0000000711100000, 0x0000000711200000|  0%| F|  |TAMS 0x0000000711100000, 0x0000000711100000| Untracked 
| 244|0x0000000711200000, 0x0000000711200000, 0x0000000711300000|  0%| F|  |TAMS 0x0000000711200000, 0x0000000711200000| Untracked 
| 245|0x0000000711300000, 0x0000000711300000, 0x0000000711400000|  0%| F|  |TAMS 0x0000000711300000, 0x0000000711300000| Untracked 
| 246|0x0000000711400000, 0x0000000711400000, 0x0000000711500000|  0%| F|  |TAMS 0x0000000711400000, 0x0000000711400000| Untracked 
| 247|0x0000000711500000, 0x0000000711500000, 0x0000000711600000|  0%| F|  |TAMS 0x0000000711500000, 0x0000000711500000| Untracked 
| 248|0x0000000711600000, 0x0000000711600000, 0x0000000711700000|  0%| F|  |TAMS 0x0000000711600000, 0x0000000711600000| Untracked 
| 249|0x0000000711700000, 0x0000000711700000, 0x0000000711800000|  0%| F|  |TAMS 0x0000000711700000, 0x0000000711700000| Untracked 
| 250|0x0000000711800000, 0x0000000711800000, 0x0000000711900000|  0%| F|  |TAMS 0x0000000711800000, 0x0000000711800000| Untracked 
| 251|0x0000000711900000, 0x0000000711900000, 0x0000000711a00000|  0%| F|  |TAMS 0x0000000711900000, 0x0000000711900000| Untracked 
| 252|0x0000000711a00000, 0x0000000711a00000, 0x0000000711b00000|  0%| F|  |TAMS 0x0000000711a00000, 0x0000000711a00000| Untracked 
| 253|0x0000000711b00000, 0x0000000711b00000, 0x0000000711c00000|  0%| F|  |TAMS 0x0000000711b00000, 0x0000000711b00000| Untracked 
| 254|0x0000000711c00000, 0x0000000711c00000, 0x0000000711d00000|  0%| F|  |TAMS 0x0000000711c00000, 0x0000000711c00000| Untracked 
| 255|0x0000000711d00000, 0x0000000711d00000, 0x0000000711e00000|  0%| F|  |TAMS 0x0000000711d00000, 0x0000000711d00000| Untracked 

Card table byte_map: [0x00000281a3d90000,0x00000281a4590000] _byte_map_base: 0x00000281a0581000

Marking Bits (Prev, Next): (CMBitMap*) 0x000002818be166e0, (CMBitMap*) 0x000002818be166a8
 Prev Bits: [0x00000281a8d20000, 0x00000281acca8000)
 Next Bits: [0x00000281a4d90000, 0x00000281a8d18000)

Polling page: 0x0000028189dc0000

Metaspace:

Usage:
  Non-class:     29.20 MB capacity,    28.53 MB ( 98%) used,   552.53 KB (  2%) free+waste,   131.69 KB ( <1%) overhead. 
      Class:      4.48 MB capacity,     4.02 MB ( 90%) used,   405.59 KB (  9%) free+waste,    66.38 KB (  1%) overhead. 
       Both:     33.68 MB capacity,    32.55 MB ( 97%) used,   958.12 KB (  3%) free+waste,   198.06 KB ( <1%) overhead. 

Virtual space:
  Non-class space:       48.00 MB reserved,      29.25 MB ( 61%) committed 
      Class space:        1.00 GB reserved,       4.50 MB ( <1%) committed 
             Both:        1.05 GB reserved,      33.75 MB (  3%) committed 

Chunk freelists:
   Non-Class:  7.00 KB
       Class:  2.50 KB
        Both:  9.50 KB

CodeHeap 'non-profiled nmethods': size=238336Kb used=4735Kb max_used=4735Kb free=233600Kb
 bounds [0x00000281949a0000, 0x0000028194e40000, 0x00000281a3260000]
CodeHeap 'non-nmethods': size=7424Kb used=1164Kb max_used=1164Kb free=6259Kb
 bounds [0x0000028194260000, 0x00000281944d0000, 0x00000281949a0000]
 total_blobs=3648 nmethods=3151 adapters=422
 compilation: disabled (not enough contiguous free space left)
              stopped_count=1, restarted_count=0
 full_count=1

Compilation events (10 events):
Event: 2.519 Thread 0x00000281b0157000 3150       1       java.util.Arrays$ArrayList::contains (14 bytes)
Event: 2.519 Thread 0x00000281b0157000 nmethod 3150 0x0000028194e3ed90 code [0x0000028194e3ef40, 0x0000028194e3f028]
Event: 2.519 Thread 0x00000281b0157000 3145       1       java.util.regex.Pattern$GroupHead::match (47 bytes)
Event: 2.519 Thread 0x00000281b0157000 nmethod 3145 0x0000028194e3f090 code [0x0000028194e3f240, 0x0000028194e3f3c8]
Event: 2.519 Thread 0x00000281b0157000 3152       1       sun.security.ssl.CipherSuite::nameOf (56 bytes)
Event: 2.519 Thread 0x00000281b0157000 nmethod 3152 0x0000028194e3f510 code [0x0000028194e3f6e0, 0x0000028194e3f8e8]
Event: 2.519 Thread 0x00000281b0157000 3147       1       java.util.regex.Pattern::split (7 bytes)
Event: 2.519 Thread 0x00000281b0157000 nmethod 3147 0x0000028194e3fa90 code [0x0000028194e3fc40, 0x0000028194e3fd28]
Event: 2.519 Thread 0x00000281b0157000 3149       1       sun.security.ssl.SSLCipher::isAvailable (5 bytes)
Event: 2.519 Thread 0x00000281b0157000 


GC Heap History (10 events):
Event: 1.125 GC heap before
{Heap before GC invocations=0 (full 0):
 garbage-first heap   total 262144K, used 24576K [0x0000000701e00000, 0x0000000800000000)
  region size 1024K, 24 young (24576K), 0 survivors (0K)
 Metaspace       used 15246K, capacity 15639K, committed 15744K, reserved 1062912K
  class space    used 1648K, capacity 1816K, committed 1920K, reserved 1048576K
}
Event: 1.132 GC heap after
{Heap after GC invocations=1 (full 0):
 garbage-first heap   total 262144K, used 5322K [0x0000000701e00000, 0x0000000800000000)
  region size 1024K, 3 young (3072K), 3 survivors (3072K)
 Metaspace       used 15246K, capacity 15639K, committed 15744K, reserved 1062912K
  class space    used 1648K, capacity 1816K, committed 1920K, reserved 1048576K
}
Event: 1.327 GC heap before
{Heap before GC invocations=1 (full 0):
 garbage-first heap   total 262144K, used 14538K [0x0000000701e00000, 0x0000000800000000)
  region size 1024K, 12 young (12288K), 3 survivors (3072K)
 Metaspace       used 17912K, capacity 18488K, committed 18688K, reserved 1064960K
  class space    used 1991K, capacity 2195K, committed 2304K, reserved 1048576K
}
Event: 1.331 GC heap after
{Heap after GC invocations=2 (full 0):
 garbage-first heap   total 262144K, used 6413K [0x0000000701e00000, 0x0000000800000000)
  region size 1024K, 1 young (1024K), 1 survivors (1024K)
 Metaspace       used 17912K, capacity 18488K, committed 18688K, reserved 1064960K
  class space    used 1991K, capacity 2195K, committed 2304K, reserved 1048576K
}
Event: 1.482 GC heap before
{Heap before GC invocations=2 (full 0):
 garbage-first heap   total 262144K, used 17677K [0x0000000701e00000, 0x0000000800000000)
  region size 1024K, 14 young (14336K), 1 survivors (1024K)
 Metaspace       used 20385K, capacity 21072K, committed 21248K, reserved 1067008K
  class space    used 2394K, capacity 2690K, committed 2816K, reserved 1048576K
}
Event: 1.485 GC heap after
{Heap after GC invocations=3 (full 0):
 garbage-first heap   total 262144K, used 7206K [0x0000000701e00000, 0x0000000800000000)
  region size 1024K, 2 young (2048K), 2 survivors (2048K)
 Metaspace       used 20385K, capacity 21072K, committed 21248K, reserved 1067008K
  class space    used 2394K, capacity 2690K, committed 2816K, reserved 1048576K
}
Event: 2.160 GC heap before
{Heap before GC invocations=4 (full 0):
 garbage-first heap   total 262144K, used 59430K [0x0000000701e00000, 0x0000000800000000)
  region size 1024K, 53 young (54272K), 2 survivors (2048K)
 Metaspace       used 28406K, capacity 29396K, committed 29568K, reserved 1075200K
  class space    used 3479K, capacity 3869K, committed 3968K, reserved 1048576K
}
Event: 2.165 GC heap after
{Heap after GC invocations=5 (full 0):
 garbage-first heap   total 262144K, used 9985K [0x0000000701e00000, 0x0000000800000000)
  region size 1024K, 5 young (5120K), 5 survivors (5120K)
 Metaspace       used 28406K, capacity 29396K, committed 29568K, reserved 1075200K
  class space    used 3479K, capacity 3869K, committed 3968K, reserved 1048576K
}
Event: 2.528 GC heap before
{Heap before GC invocations=5 (full 0):
 garbage-first heap   total 262144K, used 37633K [0x0000000701e00000, 0x0000000800000000)
  region size 1024K, 33 young (33792K), 5 survivors (5120K)
 Metaspace       used 33327K, capacity 34484K, committed 34560K, reserved 1095680K
  class space    used 4116K, capacity 4588K, committed 4608K, reserved 1048576K
}
Event: 2.535 GC heap after
{Heap after GC invocations=6 (full 0):
 garbage-first heap   total 262144K, used 12423K [0x0000000701e00000, 0x0000000800000000)
  region size 1024K, 7 young (7168K), 7 survivors (7168K)
 Metaspace       used 33327K, capacity 34484K, committed 34560K, reserved 1095680K
  class space    used 4116K, capacity 4588K, committed 4608K, reserved 1048576K
}

Deoptimization events (0 events):
No events

Classes redefined (0 events):
No events

Internal exceptions (10 events):
Event: 2.211 Thread 0x000002818bdb2800 Exception <a 'java/lang/NoSuchMethodError'{0x0000000711a4a658}: java.lang.invoke.DirectMethodHandle$Holder.invokeInterface(Ljava/lang/Object;Ljava/lang/Object;I)V> (0x0000000711a4a658) thrown at [./open/src/hotspot/share/interpreter/linkResolver.cpp, line
Event: 2.212 Thread 0x000002818bdb2800 Exception <a 'java/lang/NoSuchMethodError'{0x0000000711a62708}: java.lang.invoke.DirectMethodHandle$Holder.invokeVirtual(Ljava/lang/Object;Ljava/lang/Object;)I> (0x0000000711a62708) thrown at [./open/src/hotspot/share/interpreter/linkResolver.cpp, line 77
Event: 2.214 Thread 0x000002818bdb2800 Exception <a 'java/lang/IncompatibleClassChangeError'{0x0000000711a98b18}: Found class java.lang.Object, but interface was expected> (0x0000000711a98b18) thrown at [./open/src/hotspot/share/interpreter/linkResolver.cpp, line 838]
Event: 2.215 Thread 0x000002818bdb2800 Exception <a 'java/lang/NoSuchMethodError'{0x0000000711a9d9b8}: java.lang.invoke.DirectMethodHandle$Holder.invokeStatic(Ljava/lang/Object;ILjava/lang/Object;)V> (0x0000000711a9d9b8) thrown at [./open/src/hotspot/share/interpreter/linkResolver.cpp, line 77
Event: 2.375 Thread 0x000002818bdb2800 Exception <a 'java/io/FileNotFoundException'{0x0000000710dc5da0}> (0x0000000710dc5da0) thrown at [./open/src/hotspot/share/prims/jni.cpp, line 611]
Event: 2.393 Thread 0x000002818bdb2800 Exception <a 'java/lang/NoSuchMethodError'{0x0000000710ce4870}: java.lang.invoke.DirectMethodHandle$Holder.invokeInterface(Ljava/lang/Object;Ljava/lang/Object;Ljava/lang/Object;Ljava/lang/Object;)I> (0x0000000710ce4870) thrown at [./open/src/hotspot/share
Event: 2.419 Thread 0x000002818bdb2800 Exception <a 'java/io/FileNotFoundException'{0x0000000710aa3bd0}> (0x0000000710aa3bd0) thrown at [./open/src/hotspot/share/prims/jni.cpp, line 611]
Event: 2.492 Thread 0x000002818bdb2800 Exception <a 'sun/nio/fs/WindowsException'{0x000000071056c9e0}> (0x000000071056c9e0) thrown at [./open/src/hotspot/share/prims/jni.cpp, line 611]
Event: 2.499 Thread 0x00000281b0d14000 Exception <a 'java/lang/reflect/InvocationTargetException'{0x0000000710589ba8}> (0x0000000710589ba8) thrown at [./open/src/hotspot/share/runtime/reflection.cpp, line 1242]
Event: 2.500 Thread 0x000002818bdb2800 Exception <a 'java/lang/NoSuchMethodError'{0x000000071040f6b0}: java.lang.invoke.DirectMethodHandle$Holder.invokeStaticInit(Ljava/lang/Object;Ljava/lang/Object;Ljava/lang/Object;Ljava/lang/Object;)I> (0x000000071040f6b0) thrown at [./open/src/hotspot/shar

Events (10 events):
Event: 2.526 loading class sun/security/ssl/TrustStoreManager$TrustStoreDescriptor$1 done
Event: 2.526 loading class java/security/KeyStore
Event: 2.526 loading class java/security/KeyStore done
Event: 2.526 loading class java/security/KeyStore$1
Event: 2.527 loading class java/security/KeyStore$1 done
Event: 2.527 loading class java/security/KeyStoreSpi
Event: 2.527 loading class java/security/KeyStoreSpi done
Event: 2.527 loading class sun/security/pkcs12/PKCS12KeyStore$DualFormatPKCS12
Event: 2.527 loading class sun/security/util/KeyStoreDelegator
Event: 2.528 Executing VM operation: CollectForMetadataAllocation


Dynamic libraries:
0x00007ff75a690000 - 0x00007ff75a69f000 	C:\Program Files\Java\jdk-11.0.11\bin\java.exe
0x00007ff98a030000 - 0x00007ff98a225000 	C:\WINDOWS\SYSTEM32\ntdll.dll
0x00007ff9880b0000 - 0x00007ff98816e000 	C:\WINDOWS\System32\KERNEL32.DLL
0x00007ff987750000 - 0x00007ff987a18000 	C:\WINDOWS\System32\KERNELBASE.dll
0x00007ff987d40000 - 0x00007ff987e40000 	C:\WINDOWS\System32\ucrtbase.dll
0x00007ff981dd0000 - 0x00007ff981de8000 	C:\Program Files\Java\jdk-11.0.11\bin\jli.dll
0x00007ff981610000 - 0x00007ff981625000 	C:\Program Files\Java\jdk-11.0.11\bin\VCRUNTIME140.dll
0x00007ff9891c0000 - 0x00007ff98926c000 	C:\WINDOWS\System32\ADVAPI32.dll
0x00007ff989000000 - 0x00007ff98909e000 	C:\WINDOWS\System32\msvcrt.dll
0x00007ff989390000 - 0x00007ff98942b000 	C:\WINDOWS\System32\sechost.dll
0x00007ff988c30000 - 0x00007ff988d5a000 	C:\WINDOWS\System32\RPCRT4.dll
0x00007ff988e20000 - 0x00007ff988fc1000 	C:\WINDOWS\System32\USER32.dll
0x00007ff979fd0000 - 0x00007ff97a26a000 	C:\WINDOWS\WinSxS\amd64_microsoft.windows.common-controls_6595b64144ccf1df_6.0.19041.1110_none_60b5254171f9507e\COMCTL32.dll
0x00007ff987e40000 - 0x00007ff987e62000 	C:\WINDOWS\System32\win32u.dll
0x00007ff988fd0000 - 0x00007ff988ffb000 	C:\WINDOWS\System32\GDI32.dll
0x00007ff987ba0000 - 0x00007ff987cab000 	C:\WINDOWS\System32\gdi32full.dll
0x00007ff987ad0000 - 0x00007ff987b6d000 	C:\WINDOWS\System32\msvcp_win.dll
0x00007ff981220000 - 0x00007ff98122a000 	C:\WINDOWS\SYSTEM32\VERSION.dll
0x00007ff988080000 - 0x00007ff9880b0000 	C:\WINDOWS\System32\IMM32.DLL
0x00007ff94d6d0000 - 0x00007ff94d76b000 	C:\Program Files\Java\jdk-11.0.11\bin\msvcp140.dll
0x00007ff944c10000 - 0x00007ff94570e000 	C:\Program Files\Java\jdk-11.0.11\bin\server\jvm.dll
0x00007ff988d60000 - 0x00007ff988d68000 	C:\WINDOWS\System32\PSAPI.DLL
0x00007ff9617f0000 - 0x00007ff9617f9000 	C:\WINDOWS\SYSTEM32\WSOCK32.dll
0x00007ff9793d0000 - 0x00007ff9793f7000 	C:\WINDOWS\SYSTEM32\WINMM.dll
0x00007ff989990000 - 0x00007ff9899fb000 	C:\WINDOWS\System32\WS2_32.dll
0x00007ff9855f0000 - 0x00007ff985602000 	C:\WINDOWS\SYSTEM32\kernel.appcore.dll
0x00007ff981dc0000 - 0x00007ff981dd0000 	C:\Program Files\Java\jdk-11.0.11\bin\verify.dll
0x00007ff980ae0000 - 0x00007ff980cc4000 	C:\WINDOWS\SYSTEM32\DBGHELP.DLL
0x00007ff980700000 - 0x00007ff98072c000 	C:\WINDOWS\SYSTEM32\dbgcore.DLL
0x00007ff987cb0000 - 0x00007ff987d33000 	C:\WINDOWS\System32\bcryptPrimitives.dll
0x00007ff980790000 - 0x00007ff9807b8000 	C:\Program Files\Java\jdk-11.0.11\bin\java.dll
0x00007ff981600000 - 0x00007ff98160a000 	C:\Program Files\Java\jdk-11.0.11\bin\jimage.dll
0x00007ff97e660000 - 0x00007ff97e66e000 	C:\Program Files\Java\jdk-11.0.11\bin\instrument.dll
0x00007ff9803d0000 - 0x00007ff9803e6000 	C:\Program Files\Java\jdk-11.0.11\bin\zip.dll
0x00007ff9884f0000 - 0x00007ff988c2f000 	C:\WINDOWS\System32\SHELL32.dll
0x00007ff9857f0000 - 0x00007ff985f80000 	C:\WINDOWS\SYSTEM32\windows.storage.dll
0x00007ff989c10000 - 0x00007ff989f65000 	C:\WINDOWS\System32\combase.dll
0x00007ff9870d0000 - 0x00007ff9870fe000 	C:\WINDOWS\SYSTEM32\Wldp.dll
0x00007ff9883b0000 - 0x00007ff98845d000 	C:\WINDOWS\System32\SHCORE.dll
0x00007ff9890a0000 - 0x00007ff9890f5000 	C:\WINDOWS\System32\shlwapi.dll
0x00007ff987690000 - 0x00007ff9876af000 	C:\WINDOWS\SYSTEM32\profapi.dll
0x00007ff97ffa0000 - 0x00007ff97ffb9000 	C:\Program Files\Java\jdk-11.0.11\bin\net.dll
0x00007ff97f980000 - 0x00007ff97fa8c000 	C:\WINDOWS\SYSTEM32\WINHTTP.dll
0x00007ff986e10000 - 0x00007ff986e7a000 	C:\WINDOWS\system32\mswsock.dll
0x00007ff97e680000 - 0x00007ff97e692000 	C:\Program Files\Java\jdk-11.0.11\bin\nio.dll
0x00007ff97e5b0000 - 0x00007ff97e5ca000 	E:\intellijidea\IntelliJ IDEA 2020.3.1\bin\breakgen64.dll
0x00007ff986b30000 - 0x00007ff986bfb000 	C:\WINDOWS\SYSTEM32\DNSAPI.dll
0x00007ff986af0000 - 0x00007ff986b2b000 	C:\WINDOWS\SYSTEM32\IPHLPAPI.DLL
0x00007ff989c00000 - 0x00007ff989c08000 	C:\WINDOWS\System32\NSI.dll
0x00007ff97d5d0000 - 0x00007ff97d5da000 	C:\Windows\System32\rasadhlp.dll
0x00007ff97d630000 - 0x00007ff97d6af000 	C:\WINDOWS\System32\fwpuclnt.dll
0x00007ff987b70000 - 0x00007ff987b97000 	C:\WINDOWS\System32\bcrypt.dll
0x00007ff9815f0000 - 0x00007ff9815f9000 	C:\Program Files\Java\jdk-11.0.11\bin\management.dll
0x00007ff97ff90000 - 0x00007ff97ff9b000 	C:\Program Files\Java\jdk-11.0.11\bin\management_ext.dll
0x00007ff987030000 - 0x00007ff987048000 	C:\WINDOWS\SYSTEM32\CRYPTSP.dll
0x00007ff986770000 - 0x00007ff9867a4000 	C:\WINDOWS\system32\rsaenh.dll
0x00007ff987650000 - 0x00007ff98767e000 	C:\WINDOWS\SYSTEM32\USERENV.dll
0x00007ff987020000 - 0x00007ff98702c000 	C:\WINDOWS\SYSTEM32\CRYPTBASE.dll
0x00007ff9812d0000 - 0x00007ff9812e7000 	C:\WINDOWS\SYSTEM32\dhcpcsvc6.DLL
0x00007ff981230000 - 0x00007ff98124d000 	C:\WINDOWS\SYSTEM32\dhcpcsvc.DLL
0x00007ff963b10000 - 0x00007ff963b27000 	C:\WINDOWS\system32\napinsp.dll
0x00007ff963af0000 - 0x00007ff963b0b000 	C:\WINDOWS\system32\pnrpnsp.dll
0x00007ff982950000 - 0x00007ff982965000 	C:\WINDOWS\system32\wshbth.dll
0x00007ff9815a0000 - 0x00007ff9815bd000 	C:\WINDOWS\system32\NLAapi.dll
0x00007ff963ad0000 - 0x00007ff963ae2000 	C:\WINDOWS\System32\winrnr.dll
0x00007ff97e4f0000 - 0x00007ff97e4fd000 	C:\Program Files\Java\jdk-11.0.11\bin\sunmscapi.dll
0x00007ff987f20000 - 0x00007ff988076000 	C:\WINDOWS\System32\CRYPT32.dll
0x00007ff987140000 - 0x00007ff987167000 	C:\WINDOWS\SYSTEM32\ncrypt.dll
0x00007ff987100000 - 0x00007ff98713b000 	C:\WINDOWS\SYSTEM32\NTASN1.dll
0x00007ff97bae0000 - 0x00007ff97bb05000 	C:\Program Files\Java\jdk-11.0.11\bin\sunec.dll

dbghelp: loaded successfully - version: 4.0.5 - missing functions: none
symbol engine: initialized successfully - sym options: 0x614 - pdb path: .;C:\Program Files\Java\jdk-11.0.11\bin;C:\WINDOWS\SYSTEM32;C:\WINDOWS\WinSxS\amd64_microsoft.windows.common-controls_6595b64144ccf1df_6.0.19041.1110_none_60b5254171f9507e;C:\Program Files\Java\jdk-11.0.11\bin\server;E:\intellijidea\IntelliJ IDEA 2020.3.1\bin

VM Arguments:
jvm_args: -XX:TieredStopAtLevel=1 -Xverify:none -Dspring.output.ansi.enabled=always -javaagent:E:\intellijidea\IntelliJ IDEA 2020.3.1\lib\idea_rt.jar=65255:E:\intellijidea\IntelliJ IDEA 2020.3.1\bin -Dcom.sun.management.jmxremote -Dspring.jmx.enabled=true -Dspring.liveBeansView.mbeanDomain -Dspring.application.admin.enabled=true -Dfile.encoding=UTF-8 
java_command: com.ertug.web.demo.DemoApplication
java_class_path (initial): E:\intelliprojects\document-generator-mq\web-side\target\classes;C:\Users\ertug\.m2\repository\org\springframework\boot\spring-boot-starter-web\2.5.3\spring-boot-starter-web-2.5.3.jar;C:\Users\ertug\.m2\repository\org\springframework\boot\spring-boot-starter\2.5.3\spring-boot-starter-2.5.3.jar;C:\Users\ertug\.m2\repository\org\springframework\boot\spring-boot\2.5.3\spring-boot-2.5.3.jar;C:\Users\ertug\.m2\repository\org\springframework\boot\spring-boot-autoconfigure\2.5.3\spring-boot-autoconfigure-2.5.3.jar;C:\Users\ertug\.m2\repository\org\springframework\boot\spring-boot-starter-logging\2.5.3\spring-boot-starter-logging-2.5.3.jar;C:\Users\ertug\.m2\repository\ch\qos\logback\logback-classic\1.2.4\logback-classic-1.2.4.jar;C:\Users\ertug\.m2\repository\ch\qos\logback\logback-core\1.2.4\logback-core-1.2.4.jar;C:\Users\ertug\.m2\repository\org\apache\logging\log4j\log4j-to-slf4j\2.14.1\log4j-to-slf4j-2.14.1.jar;C:\Users\ertug\.m2\repository\org\apache\logging\log4j\log4j-api\2.14.1\log4j-api-2.14.1.jar;C:\Users\ertug\.m2\repository\org\slf4j\jul-to-slf4j\1.7.32\jul-to-slf4j-1.7.32.jar;C:\Users\ertug\.m2\repository\jakarta\annotation\jakarta.annotation-api\1.3.5\jakarta.annotation-api-1.3.5.jar;C:\Users\ertug\.m2\repository\org\yaml\snakeyaml\1.28\snakeyaml-1.28.jar;C:\Users\ertug\.m2\repository\org\springframework\boot\spring-boot-starter-json\2.5.3\spring-boot-starter-json-2.5.3.jar;C:\Users\ertug\.m2\repository\com\fasterxml\jackson\core\jackson-databind\2.12.4\jackson-databind-2.12.4.jar;C:\Users\ertug\.m2\repository\com\fasterxml\jackson\core\jackson-annotations\2.12.4\jackson-annotations-2.12.4.jar;C:\Users\ertug\.m2\repository\com\fasterxml\jackson\core\jackson-core\2.12.4\jackson-core-2.12.4.jar;C:\Users\ertug\.m2\repository\com\fasterxml\jackson\datatype\jackson-datatype-jdk8\2.12.4\jackson-datatype-jdk8-2.12.4.jar;C:\Users\ertug\.m2\repository\com\fasterxml\jackson\datatype\jackson-datatype-jsr310\2.12.4\jackson-datatype-jsr310-2.
Launcher Type: SUN_STANDARD

[Global flags]
     bool BytecodeVerificationLocal                = false                                     {product} {command line}
     bool BytecodeVerificationRemote               = false                                     {product} {command line}
     intx CICompilerCount                          = 4                                         {product} {ergonomic}
     uint ConcGCThreads                            = 2                                         {product} {ergonomic}
     uint G1ConcRefinementThreads                  = 8                                         {product} {ergonomic}
   size_t G1HeapRegionSize                         = 1048576                                   {product} {ergonomic}
    uintx GCDrainStackTargetSize                   = 64                                        {product} {ergonomic}
   size_t InitialHeapSize                          = 268435456                                 {product} {ergonomic}
     bool ManagementServer                         = true                                      {product} {command line}
   size_t MarkStackSize                            = 4194304                                   {product} {ergonomic}
   size_t MaxHeapSize                              = 4263510016                                {product} {ergonomic}
   size_t MaxNewSize                               = 2557476864                                {product} {ergonomic}
   size_t MinHeapDeltaBytes                        = 1048576                                   {product} {ergonomic}
    uintx NonNMethodCodeHeapSize                   = 7549744                                {pd product} {ergonomic}
    uintx NonProfiledCodeHeapSize                  = 244108496                              {pd product} {ergonomic}
    uintx ProfiledCodeHeapSize                     = 0                                      {pd product} {ergonomic}
    uintx ReservedCodeCacheSize                    = 251658240                              {pd product} {ergonomic}
     bool SegmentedCodeCache                       = true                                      {product} {ergonomic}
     intx TieredStopAtLevel                        = 1                                         {product} {command line}
     bool UseCompressedClassPointers               = true                                 {lp64_product} {ergonomic}
     bool UseCompressedOops                        = true                                 {lp64_product} {ergonomic}
     bool UseG1GC                                  = true                                      {product} {ergonomic}
     bool UseLargePagesIndividualAllocation        = false                                  {pd product} {ergonomic}

Logging:
Log output configuration:
 #0: stdout all=warning uptime,level,tags
 #1: stderr all=off uptime,level,tags

Environment Variables:
JAVA_HOME=C:\Program Files\Java\jdk-11.0.11
PATH=C:\Program Files\Common Files\Oracle\Java\javapath;C:\Program Files\NVIDIA GPU Computing Toolkit\CUDA\v10.0\bin;C:\Program Files\NVIDIA GPU Computing Toolkit\CUDA\v10.0\libnvvp;C:\Program Files (x86)\Common Files\Oracle\Java\javapath;C:\Windows\system32;C:\Windows;C:\Windows\System32\Wbem;C:\Windows\System32\WindowsPowerShell\v1.0\;C:\Program Files (x86)\NVIDIA Corporation\PhysX\Common;C:\Program Files\NVIDIA Corporation\NVIDIA NvDLISR;C:\WINDOWS\system32;C:\WINDOWS;C:\WINDOWS\System32\Wbem;C:\WINDOWS\System32\WindowsPowerShell\v1.0\;C:\WINDOWS\System32\OpenSSH\;C:\Program Files\dotnet\;C:\Program Files\Microsoft SQL Server\130\Tools\Binn\;C:\Users\ertug\.dnx\bin;C:\Program Files\Microsoft DNX\Dnvm\;C:\Program Files\Microsoft SQL Server\Client SDK\ODBC\130\Tools\Binn\;C:\Program Files (x86)\Microsoft SQL Server\140\Tools\Binn\;C:\Program Files\Microsoft SQL Server\140\Tools\Binn\;C:\Program Files\Microsoft SQL Server\140\DTS\Binn\;C:\Users\ertug\Desktop\apache-maven-3.6.3\bin;$JAVA_HOME\bin;C:\Program Files\Microsoft SQL Server\Client SDK\ODBC\170\Tools\Binn\;E:\nodejs\;C:\Program Files\PuTTY\;C:\ProgramData\chocolatey\bin;C:\Program Files\7-Zip;C:\Program Files\Docker\Docker\resources\bin;C:\ProgramData\DockerDesktop\version-bin;C:\Program Files\apache-maven-3.8.1\bin;E:\postgres\bin\psql.exe;E:\git\Git\cmd;C:\Users\ertug\AppData\Local\Microsoft\WindowsApps;C:\Program Files (x86)\SSH Communications Security\SSH Secure Shell;F:\Visual Studio Code\Microsoft VS Code\bin;C:\Program Files\Java\jdk-11.0.11\bin;C:\spark\bin;C:\zookeeper\bin;C:\kafka\bin\windows;C:\Users\ertug\AppData\Local\Microsoft\WindowsApps;C:\Users\ertug\.dotnet\tools;C:\Users\ertug\AppData\Roaming\npm;E:\herokuforplacementfor\heroku\bin;E:\anaconda;E:\anaconda\Scripts;C:\Users\ertug\AppData\Roaming\cabal\bin;C:\tools\ghc-9.0.1\bin;C:\tools\msys64;C:\kubectl;C:\Program Files\7-Zip;E:\postgres\bin\psql.exe;
USERNAME=ertug
OS=Windows_NT
PROCESSOR_IDENTIFIER=Intel64 Family 6 Model 158 Stepping 9, GenuineIntel



---------------  S Y S T E M  ---------------

OS: Windows 10 , 64 bit Build 19041 (10.0.19041.1348)
Hyper-V role detected

CPU:total 8 (initial active 8) (4 cores per cpu, 2 threads per core) family 6 model 158 stepping 9 microcode 0xb4, cmov, cx8, fxsr, mmx, sse, sse2, sse3, ssse3, sse4.1, sse4.2, popcnt, avx, avx2, aes, clmul, erms, 3dnowpref, lzcnt, ht, tsc, tscinvbit, bmi1, bmi2, adx, fma

Memory: 4k page, system-wide physical 16259M (3508M free)
TotalPageFile size 17283M (AvailPageFile size 4M)
current process WorkingSet (physical memory assigned to process): 150M, peak: 150M
current process commit charge ("private bytes"): 384M, peak: 385M

vm_info: Java HotSpot(TM) 64-Bit Server VM (11.0.11+9-LTS-194) for windows-amd64 JRE (11.0.11+9-LTS-194), built on Mar 18 2021 18:46:53 by "mach5one" with MS VC++ 15.9 (VS2017)

END.
