#
# There is insufficient memory for the Java Runtime Environment to continue.
# Native memory allocation (malloc) failed to allocate 8208 bytes for AllocateHeap
# Possible reasons:
#   The system is out of physical RAM or swap space
#   The process is running with CompressedOops enabled, and the Java Heap may be blocking the growth of the native heap
# Possible solutions:
#   Reduce memory load on the system
#   Increase physical memory or swap space
#   Check if swap backing store is full
#   Decrease Java heap size (-Xmx/-Xms)
#   Decrease number of Java threads
#   Decrease Java thread stack sizes (-Xss)
#   Set larger code cache with -XX:ReservedCodeCacheSize=
#   JVM is running with Zero Based Compressed Oops mode in which the Java heap is
#     placed in the first 32GB address space. The Java Heap base address is the
#     maximum limit for the native heap growth. Please use -XX:HeapBaseMinAddress
#     to set the Java Heap base and to place the Java Heap above 32GB virtual address.
# This output file may be truncated or incomplete.
#
#  Out of Memory Error (./open/src/hotspot/share/memory/allocation.cpp:46), pid=6220, tid=4336
#
# JRE version: Java(TM) SE Runtime Environment 18.9 (11.0.11+9) (build 11.0.11+9-LTS-194)
# Java VM: Java HotSpot(TM) 64-Bit Server VM 18.9 (11.0.11+9-LTS-194, mixed mode, tiered, compressed oops, g1 gc, windows-amd64)
# No core dump will be written. Minidumps are not enabled by default on client versions of Windows
#

---------------  S U M M A R Y ------------

Command Line: -XX:TieredStopAtLevel=1 -Xverify:none -Dspring.output.ansi.enabled=always -javaagent:E:\intellijidea\IntelliJ IDEA 2020.3.1\lib\idea_rt.jar=63618:E:\intellijidea\IntelliJ IDEA 2020.3.1\bin -Dcom.sun.management.jmxremote -Dspring.jmx.enabled=true -Dspring.liveBeansView.mbeanDomain -Dspring.application.admin.enabled=true -Dfile.encoding=UTF-8 com.ertug.DocumentServiceMain

Host: Intel(R) Core(TM) i7-7700HQ CPU @ 2.80GHz, 8 cores, 15G,  Windows 10 , 64 bit Build 19041 (10.0.19041.1348)
Time: Tue Jan 25 19:30:13 2022 Turkey Standard Time elapsed time: 1.174907 seconds (0d 0h 0m 1s)

---------------  T H R E A D  ---------------

Current thread (0x00000224f7308000):  JavaThread "Reference Handler" daemon [_thread_in_Java, id=4336, stack(0x000000bd65f00000,0x000000bd66000000)]

Stack: [0x000000bd65f00000,0x000000bd66000000]
[error occurred during error reporting (printing stack bounds), id 0xc0000005, EXCEPTION_ACCESS_VIOLATION (0xc0000005) at pc=0x00007ffc48b24c0a]

Native frames: (J=compiled Java code, j=interpreted, Vv=VM code, C=native code)
V  [jvm.dll+0x616f2a]
V  [jvm.dll+0x74de7f]
V  [jvm.dll+0x74f505]
V  [jvm.dll+0x74fae5]
V  [jvm.dll+0x74fa9b]
V  [jvm.dll+0x616763]
V  [jvm.dll+0x616b28]
C  [ntdll.dll+0xa20cf]
C  [ntdll.dll+0x51454]
C  [ntdll.dll+0xa0bfe]
V  [jvm.dll+0x684c0a]
C  0x00000224dbd586be


---------------  P R O C E S S  ---------------

Threads class SMR info:
_java_thread_list=0x00000224f8249580, length=11, elements={
0x00000224d389f800, 0x00000224f7308000, 0x00000224f7309800, 0x00000224f7c11800,
0x00000224f7c14800, 0x00000224f7c16000, 0x00000224f7c1c800, 0x00000224f7d59800,
0x00000224f7f25000, 0x00000224f7f26000, 0x00000224f8255000
}

Java Threads: ( => current thread )
  0x00000224d389f800 JavaThread "main" [_thread_in_vm, id=11776, stack(0x000000bd65800000,0x000000bd65900000)]
=>0x00000224f7308000 JavaThread "Reference Handler" daemon [_thread_in_Java, id=4336, stack(0x000000bd65f00000,0x000000bd66000000)]
  0x00000224f7309800 JavaThread "Finalizer" daemon [_thread_blocked, id=10984, stack(0x000000bd66000000,0x000000bd66100000)]
  0x00000224f7c11800 JavaThread "Signal Dispatcher" daemon [_thread_blocked, id=14204, stack(0x000000bd66100000,0x000000bd66200000)]
  0x00000224f7c14800 JavaThread "Attach Listener" daemon [_thread_blocked, id=19052, stack(0x000000bd66200000,0x000000bd66300000)]
  0x00000224f7c16000 JavaThread "C1 CompilerThread0" daemon [_thread_blocked, id=15540, stack(0x000000bd66300000,0x000000bd66400000)]
  0x00000224f7c1c800 JavaThread "Sweeper thread" daemon [_thread_blocked, id=14732, stack(0x000000bd66400000,0x000000bd66500000)]
  0x00000224f7d59800 JavaThread "Common-Cleaner" daemon [_thread_blocked, id=16264, stack(0x000000bd66500000,0x000000bd66600000)]
  0x00000224f7f25000 JavaThread "Monitor Ctrl-Break" daemon [_thread_in_native, id=16148, stack(0x000000bd66600000,0x000000bd66700000)]
  0x00000224f7f26000 JavaThread "Service Thread" daemon [_thread_blocked, id=18524, stack(0x000000bd66700000,0x000000bd66800000)]
  0x00000224f8255000 JavaThread "RMI TCP Accept-0" daemon [_thread_in_native, id=17748, stack(0x000000bd66800000,0x000000bd66900000)]

Other Threads:
  0x00000224f7304800 VMThread "VM Thread" [stack: 0x000000bd65e00000,0x000000bd65f00000] [id=18536] _threads_hazard_ptr=0x00000224f8249580
  0x00000224f8250000 WatcherThread [stack: 0x000000bd66900000,0x000000bd66a00000] [id=7032]
  0x00000224d38b5800 GCTaskThread "GC Thread#0" [stack: 0x000000bd65900000,0x000000bd65a00000] [id=17868]
  0x00000224f871a800 GCTaskThread "GC Thread#1" [stack: 0x000000bd66a00000,0x000000bd66b00000] [id=15556]
  0x00000224f871b000 GCTaskThread "GC Thread#2" [stack: 0x000000bd66b00000,0x000000bd66c00000] [id=15884]
  0x00000224f871c000 GCTaskThread "GC Thread#3" [stack: 0x000000bd66c00000,0x000000bd66d00000] [id=14632]
  0x00000224f871c800 GCTaskThread "GC Thread#4" [stack: 0x000000bd66d00000,0x000000bd66e00000] [id=8428]
  0x00000224f871d800 GCTaskThread "GC Thread#5" [stack: 0x000000bd66e00000,0x000000bd66f00000] [id=16124]
  0x00000224d3916000 ConcurrentGCThread "G1 Main Marker" [stack: 0x000000bd65a00000,0x000000bd65b00000] [id=17920]
  0x00000224d3917800 ConcurrentGCThread "G1 Conc#0" [stack: 0x000000bd65b00000,0x000000bd65c00000] [id=5668]
  0x00000224f8742000 ConcurrentGCThread "G1 Conc#1" [stack: 0x000000bd67000000,0x000000bd67100000] [id=1252]
  0x00000224f71ed800 ConcurrentGCThread "G1 Refine#0" [stack: 0x000000bd65c00000,0x000000bd65d00000] [id=1160]
  0x00000224f81f8000 ConcurrentGCThread "G1 Refine#1" [stack: 0x000000bd66f00000,0x000000bd67000000] [id=12808]
  0x00000224f8746000 ConcurrentGCThread "G1 Refine#2" [stack: 0x0000000000000000,0x0000000000000000]
  0x00000224f71ee000 ConcurrentGCThread "G1 Young RemSet Sampling" [stack: 0x000000bd65d00000,0x000000bd65e00000] [id=19228]

Threads with active compile tasks:

VM state:synchronizing (normal execution)

VM Mutex/Monitor currently owned by a thread:  ([mutex/lock_event])
[0x00000224d389b940] Safepoint_lock - owner thread: 0x00000224f7304800
[0x00000224d389ccf0] Threads_lock - owner thread: 0x00000224f7304800
[0x00000224d389c090] Heap_lock - owner thread: 0x00000224d3916000

Heap address: 0x0000000701e00000, size: 4066 MB, Compressed Oops mode: Zero based, Oop shift amount: 3
Narrow klass base: 0x0000000800000000, Narrow klass shift: 0
Compressed class space size: 1073741824 Address: 0x0000000800000000

Heap:
 garbage-first heap   total 262144K, used 5797K [0x0000000701e00000, 0x0000000800000000)
  region size 1024K, 5 young (5120K), 4 survivors (4096K)
 Metaspace       used 16717K, capacity 17164K, committed 17408K, reserved 1077248K
  class space    used 1827K, capacity 2007K, committed 2048K, reserved 1048576K
Heap Regions: E=young(eden), S=young(survivor), O=old, HS=humongous(starts), HC=humongous(continues), CS=collection set, F=free, A=archive, TAMS=top-at-mark-start (previous, next)
|   0|0x0000000701e00000, 0x0000000701f00000, 0x0000000701f00000|100%| O|  |TAMS 0x0000000701e00000, 0x0000000701f00000| Untracked 
|   1|0x0000000701f00000, 0x0000000702000000, 0x0000000702000000|100%| O|  |TAMS 0x0000000701f00000, 0x0000000702000000| Untracked 
|   2|0x0000000702000000, 0x000000070205b400, 0x0000000702100000| 35%| O|  |TAMS 0x0000000702000000, 0x000000070205b400| Untracked 
|   3|0x0000000702100000, 0x0000000702100000, 0x0000000702200000|  0%| F|  |TAMS 0x0000000702100000, 0x0000000702100000| Untracked 
|   4|0x0000000702200000, 0x0000000702200000, 0x0000000702300000|  0%| F|  |TAMS 0x0000000702200000, 0x0000000702200000| Untracked 
|   5|0x0000000702300000, 0x0000000702300000, 0x0000000702400000|  0%| F|  |TAMS 0x0000000702300000, 0x0000000702300000| Untracked 
|   6|0x0000000702400000, 0x0000000702400000, 0x0000000702500000|  0%| F|  |TAMS 0x0000000702400000, 0x0000000702400000| Untracked 
|   7|0x0000000702500000, 0x0000000702500000, 0x0000000702600000|  0%| F|  |TAMS 0x0000000702500000, 0x0000000702500000| Untracked 
|   8|0x0000000702600000, 0x0000000702600000, 0x0000000702700000|  0%| F|  |TAMS 0x0000000702600000, 0x0000000702600000| Untracked 
|   9|0x0000000702700000, 0x0000000702700000, 0x0000000702800000|  0%| F|  |TAMS 0x0000000702700000, 0x0000000702700000| Untracked 
|  10|0x0000000702800000, 0x0000000702800000, 0x0000000702900000|  0%| F|  |TAMS 0x0000000702800000, 0x0000000702800000| Untracked 
|  11|0x0000000702900000, 0x0000000702900000, 0x0000000702a00000|  0%| F|  |TAMS 0x0000000702900000, 0x0000000702900000| Untracked 
|  12|0x0000000702a00000, 0x0000000702a00000, 0x0000000702b00000|  0%| F|  |TAMS 0x0000000702a00000, 0x0000000702a00000| Untracked 
|  13|0x0000000702b00000, 0x0000000702b00000, 0x0000000702c00000|  0%| F|  |TAMS 0x0000000702b00000, 0x0000000702b00000| Untracked 
|  14|0x0000000702c00000, 0x0000000702c00000, 0x0000000702d00000|  0%| F|  |TAMS 0x0000000702c00000, 0x0000000702c00000| Untracked 
|  15|0x0000000702d00000, 0x0000000702d00000, 0x0000000702e00000|  0%| F|  |TAMS 0x0000000702d00000, 0x0000000702d00000| Untracked 
|  16|0x0000000702e00000, 0x0000000702e00000, 0x0000000702f00000|  0%| F|  |TAMS 0x0000000702e00000, 0x0000000702e00000| Untracked 
|  17|0x0000000702f00000, 0x0000000702f00000, 0x0000000703000000|  0%| F|  |TAMS 0x0000000702f00000, 0x0000000702f00000| Untracked 
|  18|0x0000000703000000, 0x0000000703000000, 0x0000000703100000|  0%| F|  |TAMS 0x0000000703000000, 0x0000000703000000| Untracked 
|  19|0x0000000703100000, 0x0000000703100000, 0x0000000703200000|  0%| F|  |TAMS 0x0000000703100000, 0x0000000703100000| Untracked 
|  20|0x0000000703200000, 0x0000000703200000, 0x0000000703300000|  0%| F|  |TAMS 0x0000000703200000, 0x0000000703200000| Untracked 
|  21|0x0000000703300000, 0x0000000703300000, 0x0000000703400000|  0%| F|  |TAMS 0x0000000703300000, 0x0000000703300000| Untracked 
|  22|0x0000000703400000, 0x0000000703400000, 0x0000000703500000|  0%| F|  |TAMS 0x0000000703400000, 0x0000000703400000| Untracked 
|  23|0x0000000703500000, 0x0000000703500000, 0x0000000703600000|  0%| F|  |TAMS 0x0000000703500000, 0x0000000703500000| Untracked 
|  24|0x0000000703600000, 0x0000000703600000, 0x0000000703700000|  0%| F|  |TAMS 0x0000000703600000, 0x0000000703600000| Untracked 
|  25|0x0000000703700000, 0x0000000703700000, 0x0000000703800000|  0%| F|  |TAMS 0x0000000703700000, 0x0000000703700000| Untracked 
|  26|0x0000000703800000, 0x0000000703800000, 0x0000000703900000|  0%| F|  |TAMS 0x0000000703800000, 0x0000000703800000| Untracked 
|  27|0x0000000703900000, 0x0000000703900000, 0x0000000703a00000|  0%| F|  |TAMS 0x0000000703900000, 0x0000000703900000| Untracked 
|  28|0x0000000703a00000, 0x0000000703a00000, 0x0000000703b00000|  0%| F|  |TAMS 0x0000000703a00000, 0x0000000703a00000| Untracked 
|  29|0x0000000703b00000, 0x0000000703b00000, 0x0000000703c00000|  0%| F|  |TAMS 0x0000000703b00000, 0x0000000703b00000| Untracked 
|  30|0x0000000703c00000, 0x0000000703c00000, 0x0000000703d00000|  0%| F|  |TAMS 0x0000000703c00000, 0x0000000703c00000| Untracked 
|  31|0x0000000703d00000, 0x0000000703d00000, 0x0000000703e00000|  0%| F|  |TAMS 0x0000000703d00000, 0x0000000703d00000| Untracked 
|  32|0x0000000703e00000, 0x0000000703e00000, 0x0000000703f00000|  0%| F|  |TAMS 0x0000000703e00000, 0x0000000703e00000| Untracked 
|  33|0x0000000703f00000, 0x0000000703f00000, 0x0000000704000000|  0%| F|  |TAMS 0x0000000703f00000, 0x0000000703f00000| Untracked 
|  34|0x0000000704000000, 0x0000000704000000, 0x0000000704100000|  0%| F|  |TAMS 0x0000000704000000, 0x0000000704000000| Untracked 
|  35|0x0000000704100000, 0x0000000704100000, 0x0000000704200000|  0%| F|  |TAMS 0x0000000704100000, 0x0000000704100000| Untracked 
|  36|0x0000000704200000, 0x0000000704200000, 0x0000000704300000|  0%| F|  |TAMS 0x0000000704200000, 0x0000000704200000| Untracked 
|  37|0x0000000704300000, 0x0000000704300000, 0x0000000704400000|  0%| F|  |TAMS 0x0000000704300000, 0x0000000704300000| Untracked 
|  38|0x0000000704400000, 0x0000000704400000, 0x0000000704500000|  0%| F|  |TAMS 0x0000000704400000, 0x0000000704400000| Untracked 
|  39|0x0000000704500000, 0x0000000704500000, 0x0000000704600000|  0%| F|  |TAMS 0x0000000704500000, 0x0000000704500000| Untracked 
|  40|0x0000000704600000, 0x0000000704600000, 0x0000000704700000|  0%| F|  |TAMS 0x0000000704600000, 0x0000000704600000| Untracked 
|  41|0x0000000704700000, 0x0000000704700000, 0x0000000704800000|  0%| F|  |TAMS 0x0000000704700000, 0x0000000704700000| Untracked 
|  42|0x0000000704800000, 0x0000000704800000, 0x0000000704900000|  0%| F|  |TAMS 0x0000000704800000, 0x0000000704800000| Untracked 
|  43|0x0000000704900000, 0x0000000704900000, 0x0000000704a00000|  0%| F|  |TAMS 0x0000000704900000, 0x0000000704900000| Untracked 
|  44|0x0000000704a00000, 0x0000000704a00000, 0x0000000704b00000|  0%| F|  |TAMS 0x0000000704a00000, 0x0000000704a00000| Untracked 
|  45|0x0000000704b00000, 0x0000000704b00000, 0x0000000704c00000|  0%| F|  |TAMS 0x0000000704b00000, 0x0000000704b00000| Untracked 
|  46|0x0000000704c00000, 0x0000000704c00000, 0x0000000704d00000|  0%| F|  |TAMS 0x0000000704c00000, 0x0000000704c00000| Untracked 
|  47|0x0000000704d00000, 0x0000000704d00000, 0x0000000704e00000|  0%| F|  |TAMS 0x0000000704d00000, 0x0000000704d00000| Untracked 
|  48|0x0000000704e00000, 0x0000000704e00000, 0x0000000704f00000|  0%| F|  |TAMS 0x0000000704e00000, 0x0000000704e00000| Untracked 
|  49|0x0000000704f00000, 0x0000000704f00000, 0x0000000705000000|  0%| F|  |TAMS 0x0000000704f00000, 0x0000000704f00000| Untracked 
|  50|0x0000000705000000, 0x0000000705000000, 0x0000000705100000|  0%| F|  |TAMS 0x0000000705000000, 0x0000000705000000| Untracked 
|  51|0x0000000705100000, 0x0000000705100000, 0x0000000705200000|  0%| F|  |TAMS 0x0000000705100000, 0x0000000705100000| Untracked 
|  52|0x0000000705200000, 0x0000000705200000, 0x0000000705300000|  0%| F|  |TAMS 0x0000000705200000, 0x0000000705200000| Untracked 
|  53|0x0000000705300000, 0x0000000705300000, 0x0000000705400000|  0%| F|  |TAMS 0x0000000705300000, 0x0000000705300000| Untracked 
|  54|0x0000000705400000, 0x0000000705400000, 0x0000000705500000|  0%| F|  |TAMS 0x0000000705400000, 0x0000000705400000| Untracked 
|  55|0x0000000705500000, 0x0000000705500000, 0x0000000705600000|  0%| F|  |TAMS 0x0000000705500000, 0x0000000705500000| Untracked 
|  56|0x0000000705600000, 0x0000000705600000, 0x0000000705700000|  0%| F|  |TAMS 0x0000000705600000, 0x0000000705600000| Untracked 
|  57|0x0000000705700000, 0x0000000705700000, 0x0000000705800000|  0%| F|  |TAMS 0x0000000705700000, 0x0000000705700000| Untracked 
|  58|0x0000000705800000, 0x0000000705800000, 0x0000000705900000|  0%| F|  |TAMS 0x0000000705800000, 0x0000000705800000| Untracked 
|  59|0x0000000705900000, 0x0000000705900000, 0x0000000705a00000|  0%| F|  |TAMS 0x0000000705900000, 0x0000000705900000| Untracked 
|  60|0x0000000705a00000, 0x0000000705a00000, 0x0000000705b00000|  0%| F|  |TAMS 0x0000000705a00000, 0x0000000705a00000| Untracked 
|  61|0x0000000705b00000, 0x0000000705b00000, 0x0000000705c00000|  0%| F|  |TAMS 0x0000000705b00000, 0x0000000705b00000| Untracked 
|  62|0x0000000705c00000, 0x0000000705c00000, 0x0000000705d00000|  0%| F|  |TAMS 0x0000000705c00000, 0x0000000705c00000| Untracked 
|  63|0x0000000705d00000, 0x0000000705d00000, 0x0000000705e00000|  0%| F|  |TAMS 0x0000000705d00000, 0x0000000705d00000| Untracked 
|  64|0x0000000705e00000, 0x0000000705e00000, 0x0000000705f00000|  0%| F|  |TAMS 0x0000000705e00000, 0x0000000705e00000| Untracked 
|  65|0x0000000705f00000, 0x0000000705f00000, 0x0000000706000000|  0%| F|  |TAMS 0x0000000705f00000, 0x0000000705f00000| Untracked 
|  66|0x0000000706000000, 0x0000000706000000, 0x0000000706100000|  0%| F|  |TAMS 0x0000000706000000, 0x0000000706000000| Untracked 
|  67|0x0000000706100000, 0x0000000706100000, 0x0000000706200000|  0%| F|  |TAMS 0x0000000706100000, 0x0000000706100000| Untracked 
|  68|0x0000000706200000, 0x0000000706200000, 0x0000000706300000|  0%| F|  |TAMS 0x0000000706200000, 0x0000000706200000| Untracked 
|  69|0x0000000706300000, 0x0000000706300000, 0x0000000706400000|  0%| F|  |TAMS 0x0000000706300000, 0x0000000706300000| Untracked 
|  70|0x0000000706400000, 0x0000000706400000, 0x0000000706500000|  0%| F|  |TAMS 0x0000000706400000, 0x0000000706400000| Untracked 
|  71|0x0000000706500000, 0x0000000706500000, 0x0000000706600000|  0%| F|  |TAMS 0x0000000706500000, 0x0000000706500000| Untracked 
|  72|0x0000000706600000, 0x0000000706600000, 0x0000000706700000|  0%| F|  |TAMS 0x0000000706600000, 0x0000000706600000| Untracked 
|  73|0x0000000706700000, 0x0000000706700000, 0x0000000706800000|  0%| F|  |TAMS 0x0000000706700000, 0x0000000706700000| Untracked 
|  74|0x0000000706800000, 0x0000000706800000, 0x0000000706900000|  0%| F|  |TAMS 0x0000000706800000, 0x0000000706800000| Untracked 
|  75|0x0000000706900000, 0x0000000706900000, 0x0000000706a00000|  0%| F|  |TAMS 0x0000000706900000, 0x0000000706900000| Untracked 
|  76|0x0000000706a00000, 0x0000000706a00000, 0x0000000706b00000|  0%| F|  |TAMS 0x0000000706a00000, 0x0000000706a00000| Untracked 
|  77|0x0000000706b00000, 0x0000000706b00000, 0x0000000706c00000|  0%| F|  |TAMS 0x0000000706b00000, 0x0000000706b00000| Untracked 
|  78|0x0000000706c00000, 0x0000000706c00000, 0x0000000706d00000|  0%| F|  |TAMS 0x0000000706c00000, 0x0000000706c00000| Untracked 
|  79|0x0000000706d00000, 0x0000000706d00000, 0x0000000706e00000|  0%| F|  |TAMS 0x0000000706d00000, 0x0000000706d00000| Untracked 
|  80|0x0000000706e00000, 0x0000000706e00000, 0x0000000706f00000|  0%| F|  |TAMS 0x0000000706e00000, 0x0000000706e00000| Untracked 
|  81|0x0000000706f00000, 0x0000000706f00000, 0x0000000707000000|  0%| F|  |TAMS 0x0000000706f00000, 0x0000000706f00000| Untracked 
|  82|0x0000000707000000, 0x0000000707000000, 0x0000000707100000|  0%| F|  |TAMS 0x0000000707000000, 0x0000000707000000| Untracked 
|  83|0x0000000707100000, 0x0000000707100000, 0x0000000707200000|  0%| F|  |TAMS 0x0000000707100000, 0x0000000707100000| Untracked 
|  84|0x0000000707200000, 0x0000000707200000, 0x0000000707300000|  0%| F|  |TAMS 0x0000000707200000, 0x0000000707200000| Untracked 
|  85|0x0000000707300000, 0x0000000707300000, 0x0000000707400000|  0%| F|  |TAMS 0x0000000707300000, 0x0000000707300000| Untracked 
|  86|0x0000000707400000, 0x0000000707400000, 0x0000000707500000|  0%| F|  |TAMS 0x0000000707400000, 0x0000000707400000| Untracked 
|  87|0x0000000707500000, 0x0000000707500000, 0x0000000707600000|  0%| F|  |TAMS 0x0000000707500000, 0x0000000707500000| Untracked 
|  88|0x0000000707600000, 0x0000000707600000, 0x0000000707700000|  0%| F|  |TAMS 0x0000000707600000, 0x0000000707600000| Untracked 
|  89|0x0000000707700000, 0x0000000707700000, 0x0000000707800000|  0%| F|  |TAMS 0x0000000707700000, 0x0000000707700000| Untracked 
|  90|0x0000000707800000, 0x0000000707800000, 0x0000000707900000|  0%| F|  |TAMS 0x0000000707800000, 0x0000000707800000| Untracked 
|  91|0x0000000707900000, 0x0000000707900000, 0x0000000707a00000|  0%| F|  |TAMS 0x0000000707900000, 0x0000000707900000| Untracked 
|  92|0x0000000707a00000, 0x0000000707a00000, 0x0000000707b00000|  0%| F|  |TAMS 0x0000000707a00000, 0x0000000707a00000| Untracked 
|  93|0x0000000707b00000, 0x0000000707b00000, 0x0000000707c00000|  0%| F|  |TAMS 0x0000000707b00000, 0x0000000707b00000| Untracked 
|  94|0x0000000707c00000, 0x0000000707c00000, 0x0000000707d00000|  0%| F|  |TAMS 0x0000000707c00000, 0x0000000707c00000| Untracked 
|  95|0x0000000707d00000, 0x0000000707d00000, 0x0000000707e00000|  0%| F|  |TAMS 0x0000000707d00000, 0x0000000707d00000| Untracked 
|  96|0x0000000707e00000, 0x0000000707e00000, 0x0000000707f00000|  0%| F|  |TAMS 0x0000000707e00000, 0x0000000707e00000| Untracked 
|  97|0x0000000707f00000, 0x0000000707f00000, 0x0000000708000000|  0%| F|  |TAMS 0x0000000707f00000, 0x0000000707f00000| Untracked 
|  98|0x0000000708000000, 0x0000000708000000, 0x0000000708100000|  0%| F|  |TAMS 0x0000000708000000, 0x0000000708000000| Untracked 
|  99|0x0000000708100000, 0x0000000708100000, 0x0000000708200000|  0%| F|  |TAMS 0x0000000708100000, 0x0000000708100000| Untracked 
| 100|0x0000000708200000, 0x0000000708200000, 0x0000000708300000|  0%| F|  |TAMS 0x0000000708200000, 0x0000000708200000| Untracked 
| 101|0x0000000708300000, 0x0000000708300000, 0x0000000708400000|  0%| F|  |TAMS 0x0000000708300000, 0x0000000708300000| Untracked 
| 102|0x0000000708400000, 0x0000000708400000, 0x0000000708500000|  0%| F|  |TAMS 0x0000000708400000, 0x0000000708400000| Untracked 
| 103|0x0000000708500000, 0x0000000708500000, 0x0000000708600000|  0%| F|  |TAMS 0x0000000708500000, 0x0000000708500000| Untracked 
| 104|0x0000000708600000, 0x0000000708600000, 0x0000000708700000|  0%| F|  |TAMS 0x0000000708600000, 0x0000000708600000| Untracked 
| 105|0x0000000708700000, 0x0000000708700000, 0x0000000708800000|  0%| F|  |TAMS 0x0000000708700000, 0x0000000708700000| Untracked 
| 106|0x0000000708800000, 0x0000000708800000, 0x0000000708900000|  0%| F|  |TAMS 0x0000000708800000, 0x0000000708800000| Untracked 
| 107|0x0000000708900000, 0x0000000708900000, 0x0000000708a00000|  0%| F|  |TAMS 0x0000000708900000, 0x0000000708900000| Untracked 
| 108|0x0000000708a00000, 0x0000000708a00000, 0x0000000708b00000|  0%| F|  |TAMS 0x0000000708a00000, 0x0000000708a00000| Untracked 
| 109|0x0000000708b00000, 0x0000000708b00000, 0x0000000708c00000|  0%| F|  |TAMS 0x0000000708b00000, 0x0000000708b00000| Untracked 
| 110|0x0000000708c00000, 0x0000000708c00000, 0x0000000708d00000|  0%| F|  |TAMS 0x0000000708c00000, 0x0000000708c00000| Untracked 
| 111|0x0000000708d00000, 0x0000000708d00000, 0x0000000708e00000|  0%| F|  |TAMS 0x0000000708d00000, 0x0000000708d00000| Untracked 
| 112|0x0000000708e00000, 0x0000000708e00000, 0x0000000708f00000|  0%| F|  |TAMS 0x0000000708e00000, 0x0000000708e00000| Untracked 
| 113|0x0000000708f00000, 0x0000000708f00000, 0x0000000709000000|  0%| F|  |TAMS 0x0000000708f00000, 0x0000000708f00000| Untracked 
| 114|0x0000000709000000, 0x0000000709000000, 0x0000000709100000|  0%| F|  |TAMS 0x0000000709000000, 0x0000000709000000| Untracked 
| 115|0x0000000709100000, 0x0000000709100000, 0x0000000709200000|  0%| F|  |TAMS 0x0000000709100000, 0x0000000709100000| Untracked 
| 116|0x0000000709200000, 0x0000000709200000, 0x0000000709300000|  0%| F|  |TAMS 0x0000000709200000, 0x0000000709200000| Untracked 
| 117|0x0000000709300000, 0x0000000709300000, 0x0000000709400000|  0%| F|  |TAMS 0x0000000709300000, 0x0000000709300000| Untracked 
| 118|0x0000000709400000, 0x0000000709400000, 0x0000000709500000|  0%| F|  |TAMS 0x0000000709400000, 0x0000000709400000| Untracked 
| 119|0x0000000709500000, 0x0000000709500000, 0x0000000709600000|  0%| F|  |TAMS 0x0000000709500000, 0x0000000709500000| Untracked 
| 120|0x0000000709600000, 0x0000000709600000, 0x0000000709700000|  0%| F|  |TAMS 0x0000000709600000, 0x0000000709600000| Untracked 
| 121|0x0000000709700000, 0x0000000709700000, 0x0000000709800000|  0%| F|  |TAMS 0x0000000709700000, 0x0000000709700000| Untracked 
| 122|0x0000000709800000, 0x0000000709800000, 0x0000000709900000|  0%| F|  |TAMS 0x0000000709800000, 0x0000000709800000| Untracked 
| 123|0x0000000709900000, 0x0000000709900000, 0x0000000709a00000|  0%| F|  |TAMS 0x0000000709900000, 0x0000000709900000| Untracked 
| 124|0x0000000709a00000, 0x0000000709a00000, 0x0000000709b00000|  0%| F|  |TAMS 0x0000000709a00000, 0x0000000709a00000| Untracked 
| 125|0x0000000709b00000, 0x0000000709b00000, 0x0000000709c00000|  0%| F|  |TAMS 0x0000000709b00000, 0x0000000709b00000| Untracked 
| 126|0x0000000709c00000, 0x0000000709c00000, 0x0000000709d00000|  0%| F|  |TAMS 0x0000000709c00000, 0x0000000709c00000| Untracked 
| 127|0x0000000709d00000, 0x0000000709d00000, 0x0000000709e00000|  0%| F|  |TAMS 0x0000000709d00000, 0x0000000709d00000| Untracked 
| 128|0x0000000709e00000, 0x0000000709e00000, 0x0000000709f00000|  0%| F|  |TAMS 0x0000000709e00000, 0x0000000709e00000| Untracked 
| 129|0x0000000709f00000, 0x0000000709f00000, 0x000000070a000000|  0%| F|  |TAMS 0x0000000709f00000, 0x0000000709f00000| Untracked 
| 130|0x000000070a000000, 0x000000070a000000, 0x000000070a100000|  0%| F|  |TAMS 0x000000070a000000, 0x000000070a000000| Untracked 
| 131|0x000000070a100000, 0x000000070a100000, 0x000000070a200000|  0%| F|  |TAMS 0x000000070a100000, 0x000000070a100000| Untracked 
| 132|0x000000070a200000, 0x000000070a200000, 0x000000070a300000|  0%| F|  |TAMS 0x000000070a200000, 0x000000070a200000| Untracked 
| 133|0x000000070a300000, 0x000000070a300000, 0x000000070a400000|  0%| F|  |TAMS 0x000000070a300000, 0x000000070a300000| Untracked 
| 134|0x000000070a400000, 0x000000070a400000, 0x000000070a500000|  0%| F|  |TAMS 0x000000070a400000, 0x000000070a400000| Untracked 
| 135|0x000000070a500000, 0x000000070a500000, 0x000000070a600000|  0%| F|  |TAMS 0x000000070a500000, 0x000000070a500000| Untracked 
| 136|0x000000070a600000, 0x000000070a600000, 0x000000070a700000|  0%| F|  |TAMS 0x000000070a600000, 0x000000070a600000| Untracked 
| 137|0x000000070a700000, 0x000000070a700000, 0x000000070a800000|  0%| F|  |TAMS 0x000000070a700000, 0x000000070a700000| Untracked 
| 138|0x000000070a800000, 0x000000070a800000, 0x000000070a900000|  0%| F|  |TAMS 0x000000070a800000, 0x000000070a800000| Untracked 
| 139|0x000000070a900000, 0x000000070a900000, 0x000000070aa00000|  0%| F|  |TAMS 0x000000070a900000, 0x000000070a900000| Untracked 
| 140|0x000000070aa00000, 0x000000070aa00000, 0x000000070ab00000|  0%| F|  |TAMS 0x000000070aa00000, 0x000000070aa00000| Untracked 
| 141|0x000000070ab00000, 0x000000070ab00000, 0x000000070ac00000|  0%| F|  |TAMS 0x000000070ab00000, 0x000000070ab00000| Untracked 
| 142|0x000000070ac00000, 0x000000070ac00000, 0x000000070ad00000|  0%| F|  |TAMS 0x000000070ac00000, 0x000000070ac00000| Untracked 
| 143|0x000000070ad00000, 0x000000070ad00000, 0x000000070ae00000|  0%| F|  |TAMS 0x000000070ad00000, 0x000000070ad00000| Untracked 
| 144|0x000000070ae00000, 0x000000070ae00000, 0x000000070af00000|  0%| F|  |TAMS 0x000000070ae00000, 0x000000070ae00000| Untracked 
| 145|0x000000070af00000, 0x000000070af00000, 0x000000070b000000|  0%| F|  |TAMS 0x000000070af00000, 0x000000070af00000| Untracked 
| 146|0x000000070b000000, 0x000000070b000000, 0x000000070b100000|  0%| F|  |TAMS 0x000000070b000000, 0x000000070b000000| Untracked 
| 147|0x000000070b100000, 0x000000070b100000, 0x000000070b200000|  0%| F|  |TAMS 0x000000070b100000, 0x000000070b100000| Untracked 
| 148|0x000000070b200000, 0x000000070b200000, 0x000000070b300000|  0%| F|  |TAMS 0x000000070b200000, 0x000000070b200000| Untracked 
| 149|0x000000070b300000, 0x000000070b300000, 0x000000070b400000|  0%| F|  |TAMS 0x000000070b300000, 0x000000070b300000| Untracked 
| 150|0x000000070b400000, 0x000000070b400000, 0x000000070b500000|  0%| F|  |TAMS 0x000000070b400000, 0x000000070b400000| Untracked 
| 151|0x000000070b500000, 0x000000070b500000, 0x000000070b600000|  0%| F|  |TAMS 0x000000070b500000, 0x000000070b500000| Untracked 
| 152|0x000000070b600000, 0x000000070b600000, 0x000000070b700000|  0%| F|  |TAMS 0x000000070b600000, 0x000000070b600000| Untracked 
| 153|0x000000070b700000, 0x000000070b700000, 0x000000070b800000|  0%| F|  |TAMS 0x000000070b700000, 0x000000070b700000| Untracked 
| 154|0x000000070b800000, 0x000000070b800000, 0x000000070b900000|  0%| F|  |TAMS 0x000000070b800000, 0x000000070b800000| Untracked 
| 155|0x000000070b900000, 0x000000070b900000, 0x000000070ba00000|  0%| F|  |TAMS 0x000000070b900000, 0x000000070b900000| Untracked 
| 156|0x000000070ba00000, 0x000000070ba00000, 0x000000070bb00000|  0%| F|  |TAMS 0x000000070ba00000, 0x000000070ba00000| Untracked 
| 157|0x000000070bb00000, 0x000000070bb00000, 0x000000070bc00000|  0%| F|  |TAMS 0x000000070bb00000, 0x000000070bb00000| Untracked 
| 158|0x000000070bc00000, 0x000000070bc00000, 0x000000070bd00000|  0%| F|  |TAMS 0x000000070bc00000, 0x000000070bc00000| Untracked 
| 159|0x000000070bd00000, 0x000000070bd00000, 0x000000070be00000|  0%| F|  |TAMS 0x000000070bd00000, 0x000000070bd00000| Untracked 
| 160|0x000000070be00000, 0x000000070be00000, 0x000000070bf00000|  0%| F|  |TAMS 0x000000070be00000, 0x000000070be00000| Untracked 
| 161|0x000000070bf00000, 0x000000070bf00000, 0x000000070c000000|  0%| F|  |TAMS 0x000000070bf00000, 0x000000070bf00000| Untracked 
| 162|0x000000070c000000, 0x000000070c000000, 0x000000070c100000|  0%| F|  |TAMS 0x000000070c000000, 0x000000070c000000| Untracked 
| 163|0x000000070c100000, 0x000000070c100000, 0x000000070c200000|  0%| F|  |TAMS 0x000000070c100000, 0x000000070c100000| Untracked 
| 164|0x000000070c200000, 0x000000070c200000, 0x000000070c300000|  0%| F|  |TAMS 0x000000070c200000, 0x000000070c200000| Untracked 
| 165|0x000000070c300000, 0x000000070c300000, 0x000000070c400000|  0%| F|  |TAMS 0x000000070c300000, 0x000000070c300000| Untracked 
| 166|0x000000070c400000, 0x000000070c400000, 0x000000070c500000|  0%| F|  |TAMS 0x000000070c400000, 0x000000070c400000| Untracked 
| 167|0x000000070c500000, 0x000000070c500000, 0x000000070c600000|  0%| F|  |TAMS 0x000000070c500000, 0x000000070c500000| Untracked 
| 168|0x000000070c600000, 0x000000070c600000, 0x000000070c700000|  0%| F|  |TAMS 0x000000070c600000, 0x000000070c600000| Untracked 
| 169|0x000000070c700000, 0x000000070c700000, 0x000000070c800000|  0%| F|  |TAMS 0x000000070c700000, 0x000000070c700000| Untracked 
| 170|0x000000070c800000, 0x000000070c800000, 0x000000070c900000|  0%| F|  |TAMS 0x000000070c800000, 0x000000070c800000| Untracked 
| 171|0x000000070c900000, 0x000000070c900000, 0x000000070ca00000|  0%| F|  |TAMS 0x000000070c900000, 0x000000070c900000| Untracked 
| 172|0x000000070ca00000, 0x000000070ca00000, 0x000000070cb00000|  0%| F|  |TAMS 0x000000070ca00000, 0x000000070ca00000| Untracked 
| 173|0x000000070cb00000, 0x000000070cb00000, 0x000000070cc00000|  0%| F|  |TAMS 0x000000070cb00000, 0x000000070cb00000| Untracked 
| 174|0x000000070cc00000, 0x000000070cc00000, 0x000000070cd00000|  0%| F|  |TAMS 0x000000070cc00000, 0x000000070cc00000| Untracked 
| 175|0x000000070cd00000, 0x000000070cd00000, 0x000000070ce00000|  0%| F|  |TAMS 0x000000070cd00000, 0x000000070cd00000| Untracked 
| 176|0x000000070ce00000, 0x000000070ce00000, 0x000000070cf00000|  0%| F|  |TAMS 0x000000070ce00000, 0x000000070ce00000| Untracked 
| 177|0x000000070cf00000, 0x000000070cf00000, 0x000000070d000000|  0%| F|  |TAMS 0x000000070cf00000, 0x000000070cf00000| Untracked 
| 178|0x000000070d000000, 0x000000070d000000, 0x000000070d100000|  0%| F|  |TAMS 0x000000070d000000, 0x000000070d000000| Untracked 
| 179|0x000000070d100000, 0x000000070d100000, 0x000000070d200000|  0%| F|  |TAMS 0x000000070d100000, 0x000000070d100000| Untracked 
| 180|0x000000070d200000, 0x000000070d200000, 0x000000070d300000|  0%| F|  |TAMS 0x000000070d200000, 0x000000070d200000| Untracked 
| 181|0x000000070d300000, 0x000000070d300000, 0x000000070d400000|  0%| F|  |TAMS 0x000000070d300000, 0x000000070d300000| Untracked 
| 182|0x000000070d400000, 0x000000070d400000, 0x000000070d500000|  0%| F|  |TAMS 0x000000070d400000, 0x000000070d400000| Untracked 
| 183|0x000000070d500000, 0x000000070d500000, 0x000000070d600000|  0%| F|  |TAMS 0x000000070d500000, 0x000000070d500000| Untracked 
| 184|0x000000070d600000, 0x000000070d600000, 0x000000070d700000|  0%| F|  |TAMS 0x000000070d600000, 0x000000070d600000| Untracked 
| 185|0x000000070d700000, 0x000000070d700000, 0x000000070d800000|  0%| F|  |TAMS 0x000000070d700000, 0x000000070d700000| Untracked 
| 186|0x000000070d800000, 0x000000070d800000, 0x000000070d900000|  0%| F|  |TAMS 0x000000070d800000, 0x000000070d800000| Untracked 
| 187|0x000000070d900000, 0x000000070d900000, 0x000000070da00000|  0%| F|  |TAMS 0x000000070d900000, 0x000000070d900000| Untracked 
| 188|0x000000070da00000, 0x000000070da00000, 0x000000070db00000|  0%| F|  |TAMS 0x000000070da00000, 0x000000070da00000| Untracked 
| 189|0x000000070db00000, 0x000000070db00000, 0x000000070dc00000|  0%| F|  |TAMS 0x000000070db00000, 0x000000070db00000| Untracked 
| 190|0x000000070dc00000, 0x000000070dc00000, 0x000000070dd00000|  0%| F|  |TAMS 0x000000070dc00000, 0x000000070dc00000| Untracked 
| 191|0x000000070dd00000, 0x000000070dd00000, 0x000000070de00000|  0%| F|  |TAMS 0x000000070dd00000, 0x000000070dd00000| Untracked 
| 192|0x000000070de00000, 0x000000070de00000, 0x000000070df00000|  0%| F|  |TAMS 0x000000070de00000, 0x000000070de00000| Untracked 
| 193|0x000000070df00000, 0x000000070df00000, 0x000000070e000000|  0%| F|  |TAMS 0x000000070df00000, 0x000000070df00000| Untracked 
| 194|0x000000070e000000, 0x000000070e000000, 0x000000070e100000|  0%| F|  |TAMS 0x000000070e000000, 0x000000070e000000| Untracked 
| 195|0x000000070e100000, 0x000000070e100000, 0x000000070e200000|  0%| F|  |TAMS 0x000000070e100000, 0x000000070e100000| Untracked 
| 196|0x000000070e200000, 0x000000070e200000, 0x000000070e300000|  0%| F|  |TAMS 0x000000070e200000, 0x000000070e200000| Untracked 
| 197|0x000000070e300000, 0x000000070e300000, 0x000000070e400000|  0%| F|  |TAMS 0x000000070e300000, 0x000000070e300000| Untracked 
| 198|0x000000070e400000, 0x000000070e400000, 0x000000070e500000|  0%| F|  |TAMS 0x000000070e400000, 0x000000070e400000| Untracked 
| 199|0x000000070e500000, 0x000000070e500000, 0x000000070e600000|  0%| F|  |TAMS 0x000000070e500000, 0x000000070e500000| Untracked 
| 200|0x000000070e600000, 0x000000070e600000, 0x000000070e700000|  0%| F|  |TAMS 0x000000070e600000, 0x000000070e600000| Untracked 
| 201|0x000000070e700000, 0x000000070e700000, 0x000000070e800000|  0%| F|  |TAMS 0x000000070e700000, 0x000000070e700000| Untracked 
| 202|0x000000070e800000, 0x000000070e800000, 0x000000070e900000|  0%| F|  |TAMS 0x000000070e800000, 0x000000070e800000| Untracked 
| 203|0x000000070e900000, 0x000000070e900000, 0x000000070ea00000|  0%| F|  |TAMS 0x000000070e900000, 0x000000070e900000| Untracked 
| 204|0x000000070ea00000, 0x000000070ea00000, 0x000000070eb00000|  0%| F|  |TAMS 0x000000070ea00000, 0x000000070ea00000| Untracked 
| 205|0x000000070eb00000, 0x000000070eb00000, 0x000000070ec00000|  0%| F|  |TAMS 0x000000070eb00000, 0x000000070eb00000| Untracked 
| 206|0x000000070ec00000, 0x000000070ec00000, 0x000000070ed00000|  0%| F|  |TAMS 0x000000070ec00000, 0x000000070ec00000| Untracked 
| 207|0x000000070ed00000, 0x000000070ed00000, 0x000000070ee00000|  0%| F|  |TAMS 0x000000070ed00000, 0x000000070ed00000| Untracked 
| 208|0x000000070ee00000, 0x000000070ee00000, 0x000000070ef00000|  0%| F|  |TAMS 0x000000070ee00000, 0x000000070ee00000| Untracked 
| 209|0x000000070ef00000, 0x000000070ef00000, 0x000000070f000000|  0%| F|  |TAMS 0x000000070ef00000, 0x000000070ef00000| Untracked 
| 210|0x000000070f000000, 0x000000070f000000, 0x000000070f100000|  0%| F|  |TAMS 0x000000070f000000, 0x000000070f000000| Untracked 
| 211|0x000000070f100000, 0x000000070f100000, 0x000000070f200000|  0%| F|  |TAMS 0x000000070f100000, 0x000000070f100000| Untracked 
| 212|0x000000070f200000, 0x000000070f200000, 0x000000070f300000|  0%| F|  |TAMS 0x000000070f200000, 0x000000070f200000| Untracked 
| 213|0x000000070f300000, 0x000000070f300000, 0x000000070f400000|  0%| F|  |TAMS 0x000000070f300000, 0x000000070f300000| Untracked 
| 214|0x000000070f400000, 0x000000070f400000, 0x000000070f500000|  0%| F|  |TAMS 0x000000070f400000, 0x000000070f400000| Untracked 
| 215|0x000000070f500000, 0x000000070f500000, 0x000000070f600000|  0%| F|  |TAMS 0x000000070f500000, 0x000000070f500000| Untracked 
| 216|0x000000070f600000, 0x000000070f600000, 0x000000070f700000|  0%| F|  |TAMS 0x000000070f600000, 0x000000070f600000| Untracked 
| 217|0x000000070f700000, 0x000000070f700000, 0x000000070f800000|  0%| F|  |TAMS 0x000000070f700000, 0x000000070f700000| Untracked 
| 218|0x000000070f800000, 0x000000070f800000, 0x000000070f900000|  0%| F|  |TAMS 0x000000070f800000, 0x000000070f800000| Untracked 
| 219|0x000000070f900000, 0x000000070f900000, 0x000000070fa00000|  0%| F|  |TAMS 0x000000070f900000, 0x000000070f900000| Untracked 
| 220|0x000000070fa00000, 0x000000070fa00000, 0x000000070fb00000|  0%| F|  |TAMS 0x000000070fa00000, 0x000000070fa00000| Untracked 
| 221|0x000000070fb00000, 0x000000070fb00000, 0x000000070fc00000|  0%| F|  |TAMS 0x000000070fb00000, 0x000000070fb00000| Untracked 
| 222|0x000000070fc00000, 0x000000070fc00000, 0x000000070fd00000|  0%| F|  |TAMS 0x000000070fc00000, 0x000000070fc00000| Untracked 
| 223|0x000000070fd00000, 0x000000070fd00000, 0x000000070fe00000|  0%| F|  |TAMS 0x000000070fd00000, 0x000000070fd00000| Untracked 
| 224|0x000000070fe00000, 0x000000070fe00000, 0x000000070ff00000|  0%| F|  |TAMS 0x000000070fe00000, 0x000000070fe00000| Untracked 
| 225|0x000000070ff00000, 0x000000070ff00000, 0x0000000710000000|  0%| F|  |TAMS 0x000000070ff00000, 0x000000070ff00000| Untracked 
| 226|0x0000000710000000, 0x0000000710000000, 0x0000000710100000|  0%| F|  |TAMS 0x0000000710000000, 0x0000000710000000| Untracked 
| 227|0x0000000710100000, 0x0000000710100000, 0x0000000710200000|  0%| F|  |TAMS 0x0000000710100000, 0x0000000710100000| Untracked 
| 228|0x0000000710200000, 0x0000000710200000, 0x0000000710300000|  0%| F|  |TAMS 0x0000000710200000, 0x0000000710200000| Untracked 
| 229|0x0000000710300000, 0x0000000710300000, 0x0000000710400000|  0%| F|  |TAMS 0x0000000710300000, 0x0000000710300000| Untracked 
| 230|0x0000000710400000, 0x0000000710400000, 0x0000000710500000|  0%| F|  |TAMS 0x0000000710400000, 0x0000000710400000| Untracked 
| 231|0x0000000710500000, 0x0000000710500000, 0x0000000710600000|  0%| F|  |TAMS 0x0000000710500000, 0x0000000710500000| Untracked 
| 232|0x0000000710600000, 0x0000000710600000, 0x0000000710700000|  0%| F|  |TAMS 0x0000000710600000, 0x0000000710600000| Untracked 
| 233|0x0000000710700000, 0x0000000710700000, 0x0000000710800000|  0%| F|  |TAMS 0x0000000710700000, 0x0000000710700000| Untracked 
| 234|0x0000000710800000, 0x0000000710800000, 0x0000000710900000|  0%| F|  |TAMS 0x0000000710800000, 0x0000000710800000| Untracked 
| 235|0x0000000710900000, 0x0000000710900000, 0x0000000710a00000|  0%| F|  |TAMS 0x0000000710900000, 0x0000000710900000| Untracked 
| 236|0x0000000710a00000, 0x0000000710a00000, 0x0000000710b00000|  0%| F|  |TAMS 0x0000000710a00000, 0x0000000710a00000| Untracked 
| 237|0x0000000710b00000, 0x0000000710b00000, 0x0000000710c00000|  0%| F|  |TAMS 0x0000000710b00000, 0x0000000710b00000| Untracked 
| 238|0x0000000710c00000, 0x0000000710c00000, 0x0000000710d00000|  0%| F|  |TAMS 0x0000000710c00000, 0x0000000710c00000| Untracked 
| 239|0x0000000710d00000, 0x0000000710d00000, 0x0000000710e00000|  0%| F|  |TAMS 0x0000000710d00000, 0x0000000710d00000| Untracked 
| 240|0x0000000710e00000, 0x0000000710e00000, 0x0000000710f00000|  0%| F|  |TAMS 0x0000000710e00000, 0x0000000710e00000| Untracked 
| 241|0x0000000710f00000, 0x0000000710f00000, 0x0000000711000000|  0%| F|  |TAMS 0x0000000710f00000, 0x0000000710f00000| Untracked 
| 242|0x0000000711000000, 0x0000000711000000, 0x0000000711100000|  0%| F|  |TAMS 0x0000000711000000, 0x0000000711000000| Untracked 
| 243|0x0000000711100000, 0x0000000711100000, 0x0000000711200000|  0%| F|  |TAMS 0x0000000711100000, 0x0000000711100000| Untracked 
| 244|0x0000000711200000, 0x0000000711200000, 0x0000000711300000|  0%| F|  |TAMS 0x0000000711200000, 0x0000000711200000| Untracked 
| 245|0x0000000711300000, 0x0000000711300000, 0x0000000711400000|  0%| F|  |TAMS 0x0000000711300000, 0x0000000711300000| Untracked 
| 246|0x0000000711400000, 0x0000000711400000, 0x0000000711500000|  0%| F|  |TAMS 0x0000000711400000, 0x0000000711400000| Untracked 
| 247|0x0000000711500000, 0x0000000711500000, 0x0000000711600000|  0%| F|  |TAMS 0x0000000711500000, 0x0000000711500000| Untracked 
| 248|0x0000000711600000, 0x0000000711600000, 0x0000000711700000|  0%| F|  |TAMS 0x0000000711600000, 0x0000000711600000| Untracked 
| 249|0x0000000711700000, 0x000000071174e1b0, 0x0000000711800000| 30%| S|CS|TAMS 0x0000000711700000, 0x0000000711700000| Complete 
| 250|0x0000000711800000, 0x0000000711900000, 0x0000000711900000|100%| S|CS|TAMS 0x0000000711800000, 0x0000000711800000| Complete 
| 251|0x0000000711900000, 0x0000000711a00000, 0x0000000711a00000|100%| S|CS|TAMS 0x0000000711900000, 0x0000000711900000| Complete 
| 252|0x0000000711a00000, 0x0000000711b00000, 0x0000000711b00000|100%| S|CS|TAMS 0x0000000711a00000, 0x0000000711a00000| Complete 
| 253|0x0000000711b00000, 0x0000000711b00000, 0x0000000711c00000|  0%| F|  |TAMS 0x0000000711b00000, 0x0000000711b00000| Untracked 
| 254|0x0000000711c00000, 0x0000000711c00000, 0x0000000711d00000|  0%| F|  |TAMS 0x0000000711c00000, 0x0000000711c00000| Untracked 
| 255|0x0000000711d00000, 0x0000000711d7a5e0, 0x0000000711e00000| 47%| E|  |TAMS 0x0000000711d00000, 0x0000000711d00000| Complete 

Card table byte_map: [0x00000224eb880000,0x00000224ec080000] _byte_map_base: 0x00000224e8071000

Marking Bits (Prev, Next): (CMBitMap*) 0x00000224d39047b8, (CMBitMap*) 0x00000224d39047f0
 Prev Bits: [0x00000224ec880000, 0x00000224f0808000)
 Next Bits: [0x00000224f0810000, 0x00000224f4798000)

Polling page: 0x00000224d1750000

Metaspace:

Usage:
  Non-class:     14.80 MB capacity,    14.54 MB ( 98%) used,   223.24 KB (  1%) free+waste,    43.00 KB ( <1%) overhead. 
      Class:      1.96 MB capacity,     1.78 MB ( 91%) used,   158.43 KB (  8%) free+waste,    21.50 KB (  1%) overhead. 
       Both:     16.76 MB capacity,    16.33 MB ( 97%) used,   381.67 KB (  2%) free+waste,    64.50 KB ( <1%) overhead. 

Virtual space:
  Non-class space:       28.00 MB reserved,      15.00 MB ( 54%) committed 
      Class space:        1.00 GB reserved,       2.00 MB ( <1%) committed 
             Both:        1.03 GB reserved,      17.00 MB (  2%) committed 

Chunk freelists:
   Non-Class:  1.38 KB
       Class:  1.13 KB
        Both:  2.50 KB

CodeHeap 'non-profiled nmethods': size=238336Kb used=2051Kb max_used=2051Kb free=236284Kb
 bounds [0x00000224dc490000, 0x00000224dc700000, 0x00000224ead50000]
CodeHeap 'non-nmethods': size=7424Kb used=1118Kb max_used=1118Kb free=6305Kb
 bounds [0x00000224dbd50000, 0x00000224dbfc0000, 0x00000224dc490000]
 total_blobs=1891 nmethods=1463 adapters=354
 compilation: enabled
              stopped_count=0, restarted_count=0
 full_count=0

Compilation events (10 events):
Event: 1.168 Thread 0x00000224f7c16000 1457       1       java.util.Collections$1::<init> (15 bytes)
Event: 1.168 Thread 0x00000224f7c16000 nmethod 1457 0x00000224dc68f890 code [0x00000224dc68fa20, 0x00000224dc68fb38]
Event: 1.168 Thread 0x00000224f7c16000 1458       1       java.util.Collections::singleton (9 bytes)
Event: 1.168 Thread 0x00000224f7c16000 nmethod 1458 0x00000224dc68fb90 code [0x00000224dc68fd20, 0x00000224dc68fe78]
Event: 1.168 Thread 0x00000224f7c16000 1461       1       org.springframework.util.ConcurrentReferenceHashMap$Entry::getValue (5 bytes)
Event: 1.168 Thread 0x00000224f7c16000 nmethod 1461 0x00000224dc68ff10 code [0x00000224dc6900a0, 0x00000224dc690158]
Event: 1.168 Thread 0x00000224f7c16000 1453       1       java.lang.Class::getGenericInfo (52 bytes)
Event: 1.168 Thread 0x00000224f7c16000 nmethod 1453 0x00000224dc690210 code [0x00000224dc690400, 0x00000224dc690988]
Event: 1.168 Thread 0x00000224f7c16000 1460       1       org.springframework.util.ConcurrentReferenceHashMap$Entry::getKey (5 bytes)
Event: 1.168 Thread 0x00000224f7c16000 nmethod 1460 0x00000224dc690b90 code [0x00000224dc690d20, 0x00000224dc690dd8]

GC Heap History (4 events):
Event: 1.122 GC heap before
{Heap before GC invocations=0 (full 0):
 garbage-first heap   total 262144K, used 24576K [0x0000000701e00000, 0x0000000800000000)
  region size 1024K, 24 young (24576K), 0 survivors (0K)
 Metaspace       used 16110K, capacity 16475K, committed 16768K, reserved 1069056K
  class space    used 1740K, capacity 1882K, committed 1920K, reserved 1048576K
}
Event: 1.129 GC heap after
{Heap after GC invocations=1 (full 0):
 garbage-first heap   total 262144K, used 5485K [0x0000000701e00000, 0x0000000800000000)
  region size 1024K, 3 young (3072K), 3 survivors (3072K)
 Metaspace       used 16110K, capacity 16475K, committed 16768K, reserved 1069056K
  class space    used 1740K, capacity 1882K, committed 1920K, reserved 1048576K
}
Event: 1.169 GC heap before
{Heap before GC invocations=1 (full 0):
 garbage-first heap   total 262144K, used 7533K [0x0000000701e00000, 0x0000000800000000)
  region size 1024K, 6 young (6144K), 3 survivors (3072K)
 Metaspace       used 16716K, capacity 17100K, committed 17152K, reserved 1075200K
  class space    used 1826K, capacity 2007K, committed 2048K, reserved 1048576K
}
Event: 1.172 GC heap after
{Heap after GC invocations=2 (full 0):
 garbage-first heap   total 262144K, used 5797K [0x0000000701e00000, 0x0000000800000000)
  region size 1024K, 4 young (4096K), 4 survivors (4096K)
 Metaspace       used 16716K, capacity 17100K, committed 17152K, reserved 1075200K
  class space    used 1826K, capacity 2007K, committed 2048K, reserved 1048576K
}

Deoptimization events (0 events):
No events

Classes redefined (0 events):
No events

Internal exceptions (10 events):
Event: 1.032 Thread 0x00000224d389f800 Exception <a 'java/lang/NoSuchMethodError'{0x000000071094b7b0}: java.lang.invoke.DirectMethodHandle$Holder.invokeStatic(Ljava/lang/Object;Ljava/lang/Object;Ljava/lang/Object;Ljava/lang/Object;Ljava/lang/Object;Ljava/lang/Object;Ljava/lang/Object;Ljava/lan
Event: 1.033 Thread 0x00000224d389f800 Exception <a 'java/lang/NoSuchMethodError'{0x00000007109596c0}: java.lang.invoke.DirectMethodHandle$Holder.invokeSpecial(Ljava/lang/Object;Ljava/lang/Object;IILjava/lang/Object;Ljava/lang/Object;Ljava/lang/Object;Ljava/lang/Object;)Ljava/lang/Object;> (0x
Event: 1.034 Thread 0x00000224d389f800 Exception <a 'java/lang/NoSuchMethodError'{0x000000071095cdf8}: java.lang.invoke.DelegatingMethodHandle$Holder.reinvoke_L(Ljava/lang/Object;IILjava/lang/Object;Ljava/lang/Object;Ljava/lang/Object;Ljava/lang/Object;)Ljava/lang/Object;> (0x000000071095cdf8)
Event: 1.035 Thread 0x00000224d389f800 Exception <a 'java/lang/NoSuchMethodError'{0x000000071096b7a8}: java.lang.invoke.DirectMethodHandle$Holder.invokeStatic(Ljava/lang/Object;Ljava/lang/Object;Ljava/lang/Object;Ljava/lang/Object;Ljava/lang/Object;Ljava/lang/Object;I)Ljava/lang/Object;> (0x00
Event: 1.045 Thread 0x00000224d389f800 Exception <a 'java/io/FileNotFoundException'{0x00000007109f66f8}> (0x00000007109f66f8) thrown at [./open/src/hotspot/share/prims/jni.cpp, line 611]
Event: 1.075 Thread 0x00000224f7c14800 Exception <a 'java/lang/NoSuchMethodError'{0x0000000710746968}: java.lang.invoke.DirectMethodHandle$Holder.invokeStaticInit(Ljava/lang/Object;I)Ljava/lang/Object;> (0x0000000710746968) thrown at [./open/src/hotspot/share/interpreter/linkResolver.cpp, line
Event: 1.136 Thread 0x00000224d389f800 Exception <a 'java/lang/NoSuchMethodError'{0x0000000711d5c7e0}: java.lang.invoke.DirectMethodHandle$Holder.invokeInterface(Ljava/lang/Object;Ljava/lang/Object;Ljava/lang/Object;)Ljava/lang/Object;> (0x0000000711d5c7e0) thrown at [./open/src/hotspot/share/
Event: 1.136 Thread 0x00000224d389f800 Exception <a 'java/lang/IncompatibleClassChangeError'{0x0000000711d5f768}: Found class java.lang.Object, but interface was expected> (0x0000000711d5f768) thrown at [./open/src/hotspot/share/interpreter/linkResolver.cpp, line 838]
Event: 1.151 Thread 0x00000224d389f800 Exception <a 'java/lang/NoSuchMethodError'{0x0000000711c38008}: java.lang.invoke.DirectMethodHandle$Holder.invokeSpecial(Ljava/lang/Object;Ljava/lang/Object;Ljava/lang/Object;Ljava/lang/Object;)I> (0x0000000711c38008) thrown at [./open/src/hotspot/share/i
Event: 1.156 Thread 0x00000224d389f800 Exception <a 'java/lang/NoSuchMethodError'{0x0000000711c65d88}: java.lang.invoke.DirectMethodHandle$Holder.invokeSpecial(Ljava/lang/Object;Ljava/lang/Object;Ljava/lang/Object;Ljava/lang/Object;)V> (0x0000000711c65d88) thrown at [./open/src/hotspot/share/i

Events (10 events):
Event: 1.168 loading class org/springframework/boot/context/properties/bind/BindConstructorProvider
Event: 1.168 loading class org/springframework/boot/context/properties/bind/BindConstructorProvider done
Event: 1.168 loading class org/springframework/boot/context/properties/bind/DefaultBindConstructorProvider
Event: 1.168 loading class org/springframework/boot/context/properties/bind/DefaultBindConstructorProvider done
Event: 1.168 loading class org/springframework/boot/context/properties/bind/ValueObjectBinder
Event: 1.168 loading class org/springframework/boot/context/properties/bind/ValueObjectBinder done
Event: 1.169 loading class org/springframework/boot/context/properties/bind/DataObjectBinder
Event: 1.169 loading class org/springframework/boot/context/properties/bind/DataObjectBinder done
Event: 1.169 Executing VM operation: CollectForMetadataAllocation
Event: 1.173 Executing VM operation: CollectForMetadataAllocation done


Dynamic libraries:
0x00007ff6f1650000 - 0x00007ff6f165f000 	C:\Program Files\Java\jdk-11.0.11\bin\java.exe
0x00007ffc883f0000 - 0x00007ffc885e5000 	C:\WINDOWS\SYSTEM32\ntdll.dll
0x00007ffc86a60000 - 0x00007ffc86b1e000 	C:\WINDOWS\System32\KERNEL32.DLL
0x00007ffc85b90000 - 0x00007ffc85e58000 	C:\WINDOWS\System32\KERNELBASE.dll
0x00007ffc861c0000 - 0x00007ffc862c0000 	C:\WINDOWS\System32\ucrtbase.dll
0x00007ffc815b0000 - 0x00007ffc815c5000 	C:\Program Files\Java\jdk-11.0.11\bin\VCRUNTIME140.dll
0x00007ffc81850000 - 0x00007ffc81868000 	C:\Program Files\Java\jdk-11.0.11\bin\jli.dll
0x00007ffc87270000 - 0x00007ffc8731c000 	C:\WINDOWS\System32\ADVAPI32.dll
0x00007ffc86920000 - 0x00007ffc869be000 	C:\WINDOWS\System32\msvcrt.dll
0x00007ffc87870000 - 0x00007ffc8790b000 	C:\WINDOWS\System32\sechost.dll
0x00007ffc87ff0000 - 0x00007ffc8811a000 	C:\WINDOWS\System32\RPCRT4.dll
0x00007ffc73410000 - 0x00007ffc736aa000 	C:\WINDOWS\WinSxS\amd64_microsoft.windows.common-controls_6595b64144ccf1df_6.0.19041.1110_none_60b5254171f9507e\COMCTL32.dll
0x00007ffc86760000 - 0x00007ffc8678b000 	C:\WINDOWS\System32\GDI32.dll
0x00007ffc86160000 - 0x00007ffc86182000 	C:\WINDOWS\System32\win32u.dll
0x00007ffc862c0000 - 0x00007ffc863cd000 	C:\WINDOWS\System32\gdi32full.dll
0x00007ffc86070000 - 0x00007ffc8610d000 	C:\WINDOWS\System32\msvcp_win.dll
0x00007ffc865b0000 - 0x00007ffc86751000 	C:\WINDOWS\System32\USER32.dll
0x00007ffc7f250000 - 0x00007ffc7f25a000 	C:\WINDOWS\SYSTEM32\VERSION.dll
0x00007ffc86790000 - 0x00007ffc867c0000 	C:\WINDOWS\System32\IMM32.DLL
0x00007ffc7e8a0000 - 0x00007ffc7e93b000 	C:\Program Files\Java\jdk-11.0.11\bin\msvcp140.dll
0x00007ffc484a0000 - 0x00007ffc48f9e000 	C:\Program Files\Java\jdk-11.0.11\bin\server\jvm.dll
0x00007ffc87920000 - 0x00007ffc87928000 	C:\WINDOWS\System32\PSAPI.DLL
0x00007ffc57030000 - 0x00007ffc57039000 	C:\WINDOWS\SYSTEM32\WSOCK32.dll
0x00007ffc718f0000 - 0x00007ffc71917000 	C:\WINDOWS\SYSTEM32\WINMM.dll
0x00007ffc86850000 - 0x00007ffc868bb000 	C:\WINDOWS\System32\WS2_32.dll
0x00007ffc83990000 - 0x00007ffc839a2000 	C:\WINDOWS\SYSTEM32\kernel.appcore.dll
0x00007ffc83190000 - 0x00007ffc831a0000 	C:\Program Files\Java\jdk-11.0.11\bin\verify.dll
0x00007ffc72090000 - 0x00007ffc72274000 	C:\WINDOWS\SYSTEM32\DBGHELP.DLL
0x00007ffc701a0000 - 0x00007ffc701cc000 	C:\WINDOWS\SYSTEM32\dbgcore.DLL
0x00007ffc85b00000 - 0x00007ffc85b82000 	C:\WINDOWS\System32\bcryptPrimitives.dll
0x00007ffc81580000 - 0x00007ffc815a8000 	C:\Program Files\Java\jdk-11.0.11\bin\java.dll
0x00007ffc81570000 - 0x00007ffc8157a000 	C:\Program Files\Java\jdk-11.0.11\bin\jimage.dll
0x00007ffc81520000 - 0x00007ffc8152e000 	C:\Program Files\Java\jdk-11.0.11\bin\instrument.dll
0x00007ffc814f0000 - 0x00007ffc81506000 	C:\Program Files\Java\jdk-11.0.11\bin\zip.dll
0x00007ffc86b20000 - 0x00007ffc87264000 	C:\WINDOWS\System32\SHELL32.dll
0x00007ffc83b90000 - 0x00007ffc84324000 	C:\WINDOWS\SYSTEM32\windows.storage.dll
0x00007ffc87a40000 - 0x00007ffc87d95000 	C:\WINDOWS\System32\combase.dll
0x00007ffc85480000 - 0x00007ffc854ae000 	C:\WINDOWS\SYSTEM32\Wldp.dll
0x00007ffc87ee0000 - 0x00007ffc87f8d000 	C:\WINDOWS\System32\SHCORE.dll
0x00007ffc86430000 - 0x00007ffc86485000 	C:\WINDOWS\System32\shlwapi.dll
0x00007ffc85a40000 - 0x00007ffc85a5f000 	C:\WINDOWS\SYSTEM32\profapi.dll
0x00007ffc814a0000 - 0x00007ffc814b9000 	C:\Program Files\Java\jdk-11.0.11\bin\net.dll
0x00007ffc77cf0000 - 0x00007ffc77dfc000 	C:\WINDOWS\SYSTEM32\WINHTTP.dll
0x00007ffc851c0000 - 0x00007ffc8522a000 	C:\WINDOWS\system32\mswsock.dll
0x00007ffc81480000 - 0x00007ffc81492000 	C:\Program Files\Java\jdk-11.0.11\bin\nio.dll
0x00007ffc75f80000 - 0x00007ffc75f9a000 	E:\intellijidea\IntelliJ IDEA 2020.3.1\bin\breakgen64.dll
0x00007ffc84ee0000 - 0x00007ffc84fab000 	C:\WINDOWS\SYSTEM32\DNSAPI.dll
0x00007ffc84ea0000 - 0x00007ffc84edb000 	C:\WINDOWS\SYSTEM32\IPHLPAPI.DLL
0x00007ffc87ed0000 - 0x00007ffc87ed8000 	C:\WINDOWS\System32\NSI.dll
0x00007ffc774b0000 - 0x00007ffc774ba000 	C:\Windows\System32\rasadhlp.dll
0x00007ffc774c0000 - 0x00007ffc7753f000 	C:\WINDOWS\System32\fwpuclnt.dll
0x00007ffc86190000 - 0x00007ffc861b7000 	C:\WINDOWS\System32\bcrypt.dll
0x00007ffc80520000 - 0x00007ffc80529000 	C:\Program Files\Java\jdk-11.0.11\bin\management.dll
0x00007ffc801e0000 - 0x00007ffc801eb000 	C:\Program Files\Java\jdk-11.0.11\bin\management_ext.dll
0x00007ffc853e0000 - 0x00007ffc853f8000 	C:\WINDOWS\SYSTEM32\CRYPTSP.dll
0x00007ffc84b20000 - 0x00007ffc84b54000 	C:\WINDOWS\system32\rsaenh.dll
0x00007ffc85a00000 - 0x00007ffc85a2e000 	C:\WINDOWS\SYSTEM32\USERENV.dll
0x00007ffc853d0000 - 0x00007ffc853dc000 	C:\WINDOWS\SYSTEM32\CRYPTBASE.dll
0x00007ffc7d840000 - 0x00007ffc7d857000 	C:\WINDOWS\SYSTEM32\dhcpcsvc6.DLL
0x00007ffc7d7e0000 - 0x00007ffc7d7fd000 	C:\WINDOWS\SYSTEM32\dhcpcsvc.DLL
0x00007ffc60f10000 - 0x00007ffc60f27000 	C:\WINDOWS\system32\napinsp.dll
0x00007ffc5bed0000 - 0x00007ffc5beeb000 	C:\WINDOWS\system32\pnrpnsp.dll
0x00007ffc5be70000 - 0x00007ffc5be85000 	C:\WINDOWS\system32\wshbth.dll
0x00007ffc81460000 - 0x00007ffc8147d000 	C:\WINDOWS\system32\NLAapi.dll
0x00007ffc5bb50000 - 0x00007ffc5bb62000 	C:\WINDOWS\System32\winrnr.dll

dbghelp: loaded successfully - version: 4.0.5 - missing functions: none
symbol engine: initialized successfully - sym options: 0x614 - pdb path: .;C:\Program Files\Java\jdk-11.0.11\bin;C:\WINDOWS\SYSTEM32;C:\WINDOWS\WinSxS\amd64_microsoft.windows.common-controls_6595b64144ccf1df_6.0.19041.1110_none_60b5254171f9507e;C:\Program Files\Java\jdk-11.0.11\bin\server;E:\intellijidea\IntelliJ IDEA 2020.3.1\bin

VM Arguments:
jvm_args: -XX:TieredStopAtLevel=1 -Xverify:none -Dspring.output.ansi.enabled=always -javaagent:E:\intellijidea\IntelliJ IDEA 2020.3.1\lib\idea_rt.jar=63618:E:\intellijidea\IntelliJ IDEA 2020.3.1\bin -Dcom.sun.management.jmxremote -Dspring.jmx.enabled=true -Dspring.liveBeansView.mbeanDomain -Dspring.application.admin.enabled=true -Dfile.encoding=UTF-8 
java_command: com.ertug.DocumentServiceMain
java_class_path (initial): E:\intelliprojects\document-generator-mq\document-service\target\classes;C:\Users\ertug\.m2\repository\org\springframework\boot\spring-boot\2.6.1\spring-boot-2.6.1.jar;C:\Users\ertug\.m2\repository\org\springframework\spring-core\5.3.13\spring-core-5.3.13.jar;C:\Users\ertug\.m2\repository\org\springframework\spring-jcl\5.3.13\spring-jcl-5.3.13.jar;C:\Users\ertug\.m2\repository\org\springframework\spring-context\5.3.13\spring-context-5.3.13.jar;C:\Users\ertug\.m2\repository\org\springframework\spring-aop\5.3.13\spring-aop-5.3.13.jar;C:\Users\ertug\.m2\repository\org\springframework\spring-beans\5.3.13\spring-beans-5.3.13.jar;C:\Users\ertug\.m2\repository\org\springframework\spring-expression\5.3.13\spring-expression-5.3.13.jar;C:\Users\ertug\.m2\repository\org\springframework\boot\spring-boot-starter-web\2.6.1\spring-boot-starter-web-2.6.1.jar;C:\Users\ertug\.m2\repository\org\springframework\boot\spring-boot-starter\2.6.1\spring-boot-starter-2.6.1.jar;C:\Users\ertug\.m2\repository\org\springframework\boot\spring-boot-autoconfigure\2.6.1\spring-boot-autoconfigure-2.6.1.jar;C:\Users\ertug\.m2\repository\org\springframework\boot\spring-boot-starter-logging\2.6.1\spring-boot-starter-logging-2.6.1.jar;C:\Users\ertug\.m2\repository\ch\qos\logback\logback-classic\1.2.7\logback-classic-1.2.7.jar;C:\Users\ertug\.m2\repository\ch\qos\logback\logback-core\1.2.7\logback-core-1.2.7.jar;C:\Users\ertug\.m2\repository\org\apache\logging\log4j\log4j-to-slf4j\2.14.1\log4j-to-slf4j-2.14.1.jar;C:\Users\ertug\.m2\repository\org\apache\logging\log4j\log4j-api\2.14.1\log4j-api-2.14.1.jar;C:\Users\ertug\.m2\repository\org\slf4j\jul-to-slf4j\1.7.32\jul-to-slf4j-1.7.32.jar;C:\Users\ertug\.m2\repository\jakarta\annotation\jakarta.annotation-api\1.3.5\jakarta.annotation-api-1.3.5.jar;C:\Users\ertug\.m2\repository\org\yaml\snakeyaml\1.29\snakeyaml-1.29.jar;C:\Users\ertug\.m2\repository\org\springframework\boot\spring-boot-starter-json\2.6.1\spring-boot-starter-json-
Launcher Type: SUN_STANDARD

[Global flags]
     bool BytecodeVerificationLocal                = false                                     {product} {command line}
     bool BytecodeVerificationRemote               = false                                     {product} {command line}
     intx CICompilerCount                          = 4                                         {product} {ergonomic}
     uint ConcGCThreads                            = 2                                         {product} {ergonomic}
     uint G1ConcRefinementThreads                  = 8                                         {product} {ergonomic}
   size_t G1HeapRegionSize                         = 1048576                                   {product} {ergonomic}
    uintx GCDrainStackTargetSize                   = 64                                        {product} {ergonomic}
   size_t InitialHeapSize                          = 268435456                                 {product} {ergonomic}
     bool ManagementServer                         = true                                      {product} {command line}
   size_t MarkStackSize                            = 4194304                                   {product} {ergonomic}
   size_t MaxHeapSize                              = 4263510016                                {product} {ergonomic}
   size_t MaxNewSize                               = 2557476864                                {product} {ergonomic}
   size_t MinHeapDeltaBytes                        = 1048576                                   {product} {ergonomic}
    uintx NonNMethodCodeHeapSize                   = 7549744                                {pd product} {ergonomic}
    uintx NonProfiledCodeHeapSize                  = 244108496                              {pd product} {ergonomic}
    uintx ProfiledCodeHeapSize                     = 0                                      {pd product} {ergonomic}
    uintx ReservedCodeCacheSize                    = 251658240                              {pd product} {ergonomic}
     bool SegmentedCodeCache                       = true                                      {product} {ergonomic}
     intx TieredStopAtLevel                        = 1                                         {product} {command line}
     bool UseCompressedClassPointers               = true                                 {lp64_product} {ergonomic}
     bool UseCompressedOops                        = true                                 {lp64_product} {ergonomic}
     bool UseG1GC                                  = true                                      {product} {ergonomic}
     bool UseLargePagesIndividualAllocation        = false                                  {pd product} {ergonomic}

Logging:
Log output configuration:
 #0: stdout all=warning uptime,level,tags
 #1: stderr all=off uptime,level,tags

Environment Variables:
JAVA_HOME=C:\Program Files\Java\jdk-11.0.11
PATH=C:\Program Files\Common Files\Oracle\Java\javapath;C:\Program Files\NVIDIA GPU Computing Toolkit\CUDA\v10.0\bin;C:\Program Files\NVIDIA GPU Computing Toolkit\CUDA\v10.0\libnvvp;C:\Program Files (x86)\Common Files\Oracle\Java\javapath;C:\Windows\system32;C:\Windows;C:\Windows\System32\Wbem;C:\Windows\System32\WindowsPowerShell\v1.0\;C:\Program Files (x86)\NVIDIA Corporation\PhysX\Common;C:\Program Files\NVIDIA Corporation\NVIDIA NvDLISR;C:\WINDOWS\system32;C:\WINDOWS;C:\WINDOWS\System32\Wbem;C:\WINDOWS\System32\WindowsPowerShell\v1.0\;C:\WINDOWS\System32\OpenSSH\;C:\Program Files\dotnet\;C:\Program Files\Microsoft SQL Server\130\Tools\Binn\;C:\Users\ertug\.dnx\bin;C:\Program Files\Microsoft DNX\Dnvm\;C:\Program Files\Microsoft SQL Server\Client SDK\ODBC\130\Tools\Binn\;C:\Program Files (x86)\Microsoft SQL Server\140\Tools\Binn\;C:\Program Files\Microsoft SQL Server\140\Tools\Binn\;C:\Program Files\Microsoft SQL Server\140\DTS\Binn\;C:\Users\ertug\Desktop\apache-maven-3.6.3\bin;$JAVA_HOME\bin;C:\Program Files\Microsoft SQL Server\Client SDK\ODBC\170\Tools\Binn\;E:\nodejs\;C:\Program Files\PuTTY\;C:\ProgramData\chocolatey\bin;C:\Program Files\7-Zip;C:\Program Files\Docker\Docker\resources\bin;C:\ProgramData\DockerDesktop\version-bin;C:\Program Files\apache-maven-3.8.1\bin;E:\postgres\bin\psql.exe;E:\git\Git\cmd;C:\Users\ertug\AppData\Local\Microsoft\WindowsApps;C:\Program Files (x86)\SSH Communications Security\SSH Secure Shell;F:\Visual Studio Code\Microsoft VS Code\bin;C:\Program Files\Java\jdk-11.0.11\bin;C:\spark\bin;C:\zookeeper\bin;C:\kafka\bin\windows;C:\Users\ertug\AppData\Local\Microsoft\WindowsApps;C:\Users\ertug\.dotnet\tools;C:\Users\ertug\AppData\Roaming\npm;E:\herokuforplacementfor\heroku\bin;E:\anaconda;E:\anaconda\Scripts;C:\Users\ertug\AppData\Roaming\cabal\bin;C:\tools\ghc-9.0.1\bin;C:\tools\msys64;C:\kubectl;C:\Program Files\7-Zip;E:\postgres\bin\psql.exe;
USERNAME=ertug
OS=Windows_NT
PROCESSOR_IDENTIFIER=Intel64 Family 6 Model 158 Stepping 9, GenuineIntel



---------------  S Y S T E M  ---------------

OS: Windows 10 , 64 bit Build 19041 (10.0.19041.1348)
Hyper-V role detected

CPU:total 8 (initial active 8) (4 cores per cpu, 2 threads per core) family 6 model 158 stepping 9 microcode 0xb4, cmov, cx8, fxsr, mmx, sse, sse2, sse3, ssse3, sse4.1, sse4.2, popcnt, avx, avx2, aes, clmul, erms, 3dnowpref, lzcnt, ht, tsc, tscinvbit, bmi1, bmi2, adx, fma

Memory: 4k page, system-wide physical 16259M (3552M free)
TotalPageFile size 17283M (AvailPageFile size 0M)
current process WorkingSet (physical memory assigned to process): 89M, peak: 89M
current process commit charge ("private bytes"): 356M, peak: 356M

vm_info: Java HotSpot(TM) 64-Bit Server VM (11.0.11+9-LTS-194) for windows-amd64 JRE (11.0.11+9-LTS-194), built on Mar 18 2021 18:46:53 by "mach5one" with MS VC++ 15.9 (VS2017)

END.
