#
# There is insufficient memory for the Java Runtime Environment to continue.
# Native memory allocation (mmap) failed to map 268435456 bytes for Failed to commit area from 0x0000000701e00000 to 0x0000000711e00000 of length 268435456.
# Possible reasons:
#   The system is out of physical RAM or swap space
#   The process is running with CompressedOops enabled, and the Java Heap may be blocking the growth of the native heap
# Possible solutions:
#   Reduce memory load on the system
#   Increase physical memory or swap space
#   Check if swap backing store is full
#   Decrease Java heap size (-Xmx/-Xms)
#   Decrease number of Java threads
#   Decrease Java thread stack sizes (-Xss)
#   Set larger code cache with -XX:ReservedCodeCacheSize=
# This output file may be truncated or incomplete.
#
#  Out of Memory Error (./open/src/hotspot/os/windows/os_windows.cpp:3273), pid=15012, tid=12968
#
# JRE version:  (11.0.11+9) (build )
# Java VM: Java HotSpot(TM) 64-Bit Server VM (11.0.11+9-LTS-194, mixed mode, sharing, tiered, compressed oops, g1 gc, windows-amd64)
# No core dump will be written. Minidumps are not enabled by default on client versions of Windows
#

---------------  S U M M A R Y ------------

Command Line: C:\Users\ertug\AppData\Local\Temp\surefire6471323143224760421\surefirebooter16864586794286261382.jar C:\Users\ertug\AppData\Local\Temp\surefire6471323143224760421 2021-12-13T22-43-48_777-jvmRun1 surefire12806906850949445187tmp surefire_012930077965366418452tmp

Host: Intel(R) Core(TM) i7-7700HQ CPU @ 2.80GHz, 8 cores, 15G,  Windows 10 , 64 bit Build 19041 (10.0.19041.1348)
Time: Mon Dec 13 22:43:49 2021 Turkey Standard Time elapsed time: 0.018750 seconds (0d 0h 0m 0s)

---------------  T H R E A D  ---------------

Current thread (0x0000028756999000):  JavaThread "Unknown thread" [_thread_in_vm, id=12968, stack(0x000000c51eb00000,0x000000c51ec00000)]

Stack: [0x000000c51eb00000,0x000000c51ec00000]
Native frames: (J=compiled Java code, j=interpreted, Vv=VM code, C=native code)
V  [jvm.dll+0x616f2a]
V  [jvm.dll+0x74de7f]
V  [jvm.dll+0x74f505]
V  [jvm.dll+0x74fb83]
V  [jvm.dll+0x2436d8]
V  [jvm.dll+0x61431a]
V  [jvm.dll+0x6090f5]
V  [jvm.dll+0x2f7eec]
V  [jvm.dll+0x2f7d72]
V  [jvm.dll+0x2fca26]
V  [jvm.dll+0x33efef]
V  [jvm.dll+0x33ea20]
V  [jvm.dll+0x2d5608]
V  [jvm.dll+0x2d6766]
V  [jvm.dll+0x7299e7]
V  [jvm.dll+0x72b28f]
V  [jvm.dll+0x34bd39]
V  [jvm.dll+0x70f360]
V  [jvm.dll+0x3b50df]
V  [jvm.dll+0x3b71e1]
C  [jli.dll+0x520b]
C  [ucrtbase.dll+0x21bb2]
C  [KERNEL32.DLL+0x17034]
C  [ntdll.dll+0x52651]


---------------  P R O C E S S  ---------------

Threads class SMR info:
_java_thread_list=0x00000287548a19d0, length=0, elements={
}

Java Threads: ( => current thread )

Other Threads:
  0x00000287569ae000 GCTaskThread "GC Thread#0" [stack: 0x000000c51ec00000,0x000000c51ed00000] [id=5360]
  0x0000028756a0a800 ConcurrentGCThread "G1 Main Marker" [stack: 0x000000c51ed00000,0x000000c51ee00000] [id=17192]
  0x0000028756a0c000 ConcurrentGCThread "G1 Conc#0" [stack: 0x000000c51ee00000,0x000000c51ef00000] [id=13956]

[error occurred during error reporting (printing all threads), id 0xc0000005, EXCEPTION_ACCESS_VIOLATION (0xc0000005) at pc=0x00007ff944ef4857]

VM state:not at safepoint (not fully initialized)

VM Mutex/Monitor currently owned by a thread:  ([mutex/lock_event])
[0x0000028756995e80] Heap_lock - owner thread: 0x0000028756999000

Heap address: 0x0000000701e00000, size: 4066 MB, Compressed Oops mode: Non-zero based: 0x0000000701e00000
Narrow klass base: 0x0000000000000000, Narrow klass shift: 0

GC Heap History (0 events):
No events

Deoptimization events (0 events):
No events

Classes redefined (0 events):
No events

Internal exceptions (0 events):
No events

Events (0 events):
No events


Dynamic libraries:
0x00007ff75a690000 - 0x00007ff75a69f000 	C:\Program Files\Java\jdk-11.0.11\bin\java.exe
0x00007ff98a030000 - 0x00007ff98a225000 	C:\WINDOWS\SYSTEM32\ntdll.dll
0x00007ff9880b0000 - 0x00007ff98816e000 	C:\WINDOWS\System32\KERNEL32.DLL
0x00007ff987750000 - 0x00007ff987a18000 	C:\WINDOWS\System32\KERNELBASE.dll
0x00007ff987d40000 - 0x00007ff987e40000 	C:\WINDOWS\System32\ucrtbase.dll
0x00007ff981610000 - 0x00007ff981625000 	C:\Program Files\Java\jdk-11.0.11\bin\VCRUNTIME140.dll
0x00007ff981dd0000 - 0x00007ff981de8000 	C:\Program Files\Java\jdk-11.0.11\bin\jli.dll
0x00007ff9891c0000 - 0x00007ff98926c000 	C:\WINDOWS\System32\ADVAPI32.dll
0x00007ff989000000 - 0x00007ff98909e000 	C:\WINDOWS\System32\msvcrt.dll
0x00007ff989390000 - 0x00007ff98942b000 	C:\WINDOWS\System32\sechost.dll
0x00007ff988c30000 - 0x00007ff988d5a000 	C:\WINDOWS\System32\RPCRT4.dll
0x00007ff988e20000 - 0x00007ff988fc1000 	C:\WINDOWS\System32\USER32.dll
0x00007ff979fd0000 - 0x00007ff97a26a000 	C:\WINDOWS\WinSxS\amd64_microsoft.windows.common-controls_6595b64144ccf1df_6.0.19041.1110_none_60b5254171f9507e\COMCTL32.dll
0x00007ff987e40000 - 0x00007ff987e62000 	C:\WINDOWS\System32\win32u.dll
0x00007ff988fd0000 - 0x00007ff988ffb000 	C:\WINDOWS\System32\GDI32.dll
0x00007ff987ba0000 - 0x00007ff987cab000 	C:\WINDOWS\System32\gdi32full.dll
0x00007ff987ad0000 - 0x00007ff987b6d000 	C:\WINDOWS\System32\msvcp_win.dll
0x00007ff981220000 - 0x00007ff98122a000 	C:\WINDOWS\SYSTEM32\VERSION.dll
0x00007ff988080000 - 0x00007ff9880b0000 	C:\WINDOWS\System32\IMM32.DLL
0x00007ff94d6d0000 - 0x00007ff94d76b000 	C:\Program Files\Java\jdk-11.0.11\bin\msvcp140.dll
0x00007ff944c10000 - 0x00007ff94570e000 	C:\Program Files\Java\jdk-11.0.11\bin\server\jvm.dll
0x00007ff988d60000 - 0x00007ff988d68000 	C:\WINDOWS\System32\PSAPI.DLL
0x00007ff9617f0000 - 0x00007ff9617f9000 	C:\WINDOWS\SYSTEM32\WSOCK32.dll
0x00007ff9793d0000 - 0x00007ff9793f7000 	C:\WINDOWS\SYSTEM32\WINMM.dll
0x00007ff989990000 - 0x00007ff9899fb000 	C:\WINDOWS\System32\WS2_32.dll
0x00007ff9855f0000 - 0x00007ff985602000 	C:\WINDOWS\SYSTEM32\kernel.appcore.dll
0x00007ff981dc0000 - 0x00007ff981dd0000 	C:\Program Files\Java\jdk-11.0.11\bin\verify.dll
0x00007ff980ae0000 - 0x00007ff980cc4000 	C:\WINDOWS\SYSTEM32\DBGHELP.DLL
0x00007ff980700000 - 0x00007ff98072c000 	C:\WINDOWS\SYSTEM32\dbgcore.DLL
0x00007ff987cb0000 - 0x00007ff987d33000 	C:\WINDOWS\System32\bcryptPrimitives.dll
0x00007ff980790000 - 0x00007ff9807b8000 	C:\Program Files\Java\jdk-11.0.11\bin\java.dll
0x00007ff981600000 - 0x00007ff98160a000 	C:\Program Files\Java\jdk-11.0.11\bin\jimage.dll
0x00007ff9803d0000 - 0x00007ff9803e6000 	C:\Program Files\Java\jdk-11.0.11\bin\zip.dll

dbghelp: loaded successfully - version: 4.0.5 - missing functions: none
symbol engine: initialized successfully - sym options: 0x614 - pdb path: .;C:\Program Files\Java\jdk-11.0.11\bin;C:\WINDOWS\SYSTEM32;C:\WINDOWS\WinSxS\amd64_microsoft.windows.common-controls_6595b64144ccf1df_6.0.19041.1110_none_60b5254171f9507e;C:\Program Files\Java\jdk-11.0.11\bin\server

VM Arguments:
java_command: C:\Users\ertug\AppData\Local\Temp\surefire6471323143224760421\surefirebooter16864586794286261382.jar C:\Users\ertug\AppData\Local\Temp\surefire6471323143224760421 2021-12-13T22-43-48_777-jvmRun1 surefire12806906850949445187tmp surefire_012930077965366418452tmp
java_class_path (initial): C:\Users\ertug\AppData\Local\Temp\surefire6471323143224760421\surefirebooter16864586794286261382.jar
Launcher Type: SUN_STANDARD

[Global flags]
     intx CICompilerCount                          = 4                                         {product} {ergonomic}
     uint ConcGCThreads                            = 2                                         {product} {ergonomic}
     uint G1ConcRefinementThreads                  = 8                                         {product} {ergonomic}
   size_t G1HeapRegionSize                         = 1048576                                   {product} {ergonomic}
    uintx GCDrainStackTargetSize                   = 64                                        {product} {ergonomic}
   size_t InitialHeapSize                          = 268435456                                 {product} {ergonomic}
   size_t MarkStackSize                            = 4194304                                   {product} {ergonomic}
   size_t MaxHeapSize                              = 4263510016                                {product} {ergonomic}
   size_t MinHeapDeltaBytes                        = 1048576                                   {product} {ergonomic}
    uintx NonNMethodCodeHeapSize                   = 5836300                                {pd product} {ergonomic}
    uintx NonProfiledCodeHeapSize                  = 122910970                              {pd product} {ergonomic}
    uintx ProfiledCodeHeapSize                     = 122910970                              {pd product} {ergonomic}
    uintx ReservedCodeCacheSize                    = 251658240                              {pd product} {ergonomic}
     bool SegmentedCodeCache                       = true                                      {product} {ergonomic}
     bool UseCompressedClassPointers               = true                                 {lp64_product} {ergonomic}
     bool UseCompressedOops                        = true                                 {lp64_product} {ergonomic}
     bool UseG1GC                                  = true                                      {product} {ergonomic}
     bool UseLargePagesIndividualAllocation        = false                                  {pd product} {ergonomic}

Logging:
Log output configuration:
 #0: stdout all=warning uptime,level,tags
 #1: stderr all=off uptime,level,tags

Environment Variables:
JAVA_HOME=C:\Program Files\Java\jdk-11.0.11
PATH=C:\Program Files\Common Files\Oracle\Java\javapath;C:\Program Files\NVIDIA GPU Computing Toolkit\CUDA\v10.0\bin;C:\Program Files\NVIDIA GPU Computing Toolkit\CUDA\v10.0\libnvvp;C:\Program Files (x86)\Common Files\Oracle\Java\javapath;C:\Windows\system32;C:\Windows;C:\Windows\System32\Wbem;C:\Windows\System32\WindowsPowerShell\v1.0\;C:\Program Files (x86)\NVIDIA Corporation\PhysX\Common;C:\Program Files\NVIDIA Corporation\NVIDIA NvDLISR;C:\WINDOWS\system32;C:\WINDOWS;C:\WINDOWS\System32\Wbem;C:\WINDOWS\System32\WindowsPowerShell\v1.0\;C:\WINDOWS\System32\OpenSSH\;C:\Program Files\dotnet\;C:\Program Files\Microsoft SQL Server\130\Tools\Binn\;C:\Users\ertug\.dnx\bin;C:\Program Files\Microsoft DNX\Dnvm\;C:\Program Files\Microsoft SQL Server\Client SDK\ODBC\130\Tools\Binn\;C:\Program Files (x86)\Microsoft SQL Server\140\Tools\Binn\;C:\Program Files\Microsoft SQL Server\140\Tools\Binn\;C:\Program Files\Microsoft SQL Server\140\DTS\Binn\;C:\Users\ertug\Desktop\apache-maven-3.6.3\bin;$JAVA_HOME\bin;C:\Program Files\Microsoft SQL Server\Client SDK\ODBC\170\Tools\Binn\;E:\nodejs\;C:\Program Files\PuTTY\;C:\ProgramData\chocolatey\bin;C:\Program Files\7-Zip;C:\Program Files\Docker\Docker\resources\bin;C:\ProgramData\DockerDesktop\version-bin;C:\Program Files\apache-maven-3.8.1\bin;E:\postgres\bin\psql.exe;E:\git\Git\cmd;C:\Users\ertug\AppData\Local\Microsoft\WindowsApps;C:\Program Files (x86)\SSH Communications Security\SSH Secure Shell;F:\Visual Studio Code\Microsoft VS Code\bin;C:\Program Files\Java\jdk-11.0.11\bin;C:\spark\bin;C:\zookeeper\bin;C:\kafka\bin\windows;C:\Users\ertug\AppData\Local\Microsoft\WindowsApps;C:\Users\ertug\.dotnet\tools;C:\Users\ertug\AppData\Roaming\npm;E:\herokuforplacementfor\heroku\bin;E:\anaconda;E:\anaconda\Scripts;C:\Users\ertug\AppData\Roaming\cabal\bin;C:\tools\ghc-9.0.1\bin;C:\tools\msys64;C:\kubectl;C:\Program Files\7-Zip;E:\postgres\bin\psql.exe;
USERNAME=ertug
OS=Windows_NT
PROCESSOR_IDENTIFIER=Intel64 Family 6 Model 158 Stepping 9, GenuineIntel



---------------  S Y S T E M  ---------------

OS: Windows 10 , 64 bit Build 19041 (10.0.19041.1348)
Hyper-V role detected

CPU:total 8 (initial active 8) (4 cores per cpu, 2 threads per core) family 6 model 158 stepping 9 microcode 0xb4, cmov, cx8, fxsr, mmx, sse, sse2, sse3, ssse3, sse4.1, sse4.2, popcnt, avx, avx2, aes, clmul, erms, 3dnowpref, lzcnt, ht, tsc, tscinvbit, bmi1, bmi2, adx, fma

Memory: 4k page, system-wide physical 16259M (3468M free)
TotalPageFile size 17283M (AvailPageFile size 225M)
current process WorkingSet (physical memory assigned to process): 10M, peak: 10M
current process commit charge ("private bytes"): 60M, peak: 316M

vm_info: Java HotSpot(TM) 64-Bit Server VM (11.0.11+9-LTS-194) for windows-amd64 JRE (11.0.11+9-LTS-194), built on Mar 18 2021 18:46:53 by "mach5one" with MS VC++ 15.9 (VS2017)

END.
